<?xml version='1.0' encoding='UTF-8'?>
<hotspot_log version='160 1' process='21128' time_ms='1295455235303'>
<vm_version>
<name>
OpenJDK Client VM
</name>
<release>
19.0-b09
</release>
<info>
OpenJDK Client VM (19.0-b09) for linux-x86 JRE (1.6.0_20-b20), built on Nov 25 2010 19:44:27 by &quot;buildd&quot; with gcc 4.4.3
</info>
</vm_version>
<vm_arguments>
<args>
-XX:+UnlockDiagnosticVMOptions -XX:MaxPermSize=192m -XX:NewRatio=2 -XX:+LogVMOutput -XX:LogFile=/local/mymed/backend/controller/servers/glassfishv3/glassfish/domains/domain1/logs/jvm.log -Xmx512m -javaagent:/local/mymed/backend/controller/servers/glassfishv3/glassfish/lib/monitor/btrace-agent.jar=unsafe=true,noServer=true -Dosgi.shell.telnet.maxconn=1 -Djdbc.drivers=org.apache.derby.jdbc.ClientDriver -Dfelix.fileinstall.dir=/local/mymed/backend/controller/servers/glassfishv3/glassfish/modules/autostart/ -Djavax.net.ssl.keyStore=/local/mymed/backend/controller/servers/glassfishv3/glassfish/domains/domain1/config/keystore.jks -Dosgi.shell.telnet.port=6666 -Djava.security.policy=/local/mymed/backend/controller/servers/glassfishv3/glassfish/domains/domain1/config/server.policy -Dfelix.fileinstall.poll=5000 -Dcom.sun.aas.instanceRoot=/local/mymed/backend/controller/servers/glassfishv3/glassfish/domains/domain1 -Dcom.sun.enterprise.config.config_environment_factory_class=com.sun.enterprise.config.serverbeans.AppserverConfigEnvironmentFactory -Dosgi.shell.telnet.ip=127.0.0.1 -Djava.endorsed.dirs=/local/mymed/backend/controller/servers/glassfishv3/glassfish/modules/endorsed:/local/mymed/backend/controller/servers/glassfishv3/glassfish/lib/endorsed -Dcom.sun.aas.installRoot=/local/mymed/backend/controller/servers/glassfishv3/glassfish -Djava.ext.dirs=/usr/lib/jvm/java-6-openjdk/lib/ext:/usr/lib/jvm/java-6-openjdk/jre/lib/ext:/local/mymed/backend/controller/servers/glassfishv3/glassfish/domains/domain1/lib/ext -Dfelix.fileinstall.bundles.new.start=true -Djavax.net.ssl.trustStore=/local/mymed/backend/controller/servers/glassfishv3/glassfish/domains/domain1/config/cacerts.jks -Dcom.sun.enterprise.security.httpsOutboundKeyAlias=s1as -Djava.security.auth.login.config=/local/mymed/backend/controller/servers/glassfishv3/glassfish/domains/domain1/config/login.conf -DANTLR_USE_DIRECT_CLASS_LOADING=true -Dfelix.fileinstall.debug=1 -Dorg.glassfish.web.rfc2109_cookie_names_enforced=false -Djava.library.path=/local/mymed/backend/controller/servers/glassfishv3/glassfish/lib:/usr/lib/jvm/java-6-openjdk/jre/lib/i386/server:/usr/lib/jvm/java-6-openjdk/jre/lib/i386:/usr/lib/jvm/java-6-openjdk/lib/i386:/usr/java/packages/lib/i386:/usr/lib/jni:/lib:/usr/lib 
</args>
<command>
com.sun.enterprise.glassfish.bootstrap.ASMain -domainname domain1 -asadmin-args start-domain -instancename server -verbose false -debug false -asadmin-classpath /local/mymed/backend/controller/servers/glassfishv3/glassfish/modules/admin-cli.jar -asadmin-classname com.sun.enterprise.admin.cli.AsadminMain -upgrade false -domaindir /local/mymed/backend/controller/servers/glassfishv3/glassfish/domains/domain1 -read-stdin true
</command>
<launcher>
SUN_STANDARD
</launcher>
<properties>
java.vm.specification.version=1.0
java.vm.specification.name=Java Virtual Machine Specification
java.vm.specification.vendor=Sun Microsystems Inc.
java.vm.version=19.0-b09
java.vm.name=OpenJDK Client VM
java.vm.vendor=Sun Microsystems Inc.
java.vm.info=mixed mode, sharing
java.ext.dirs=/usr/lib/jvm/java-6-openjdk/lib/ext:/usr/lib/jvm/java-6-openjdk/jre/lib/ext:/local/mymed/backend/controller/servers/glassfishv3/glassfish/domains/domain1/lib/ext
java.endorsed.dirs=/local/mymed/backend/controller/servers/glassfishv3/glassfish/modules/endorsed:/local/mymed/backend/controller/servers/glassfishv3/glassfish/lib/endorsed
sun.boot.library.path=/usr/lib/jvm/java-6-openjdk/jre/lib/i386
java.library.path=/local/mymed/backend/controller/servers/glassfishv3/glassfish/lib:/usr/lib/jvm/java-6-openjdk/jre/lib/i386/server:/usr/lib/jvm/java-6-openjdk/jre/lib/i386:/usr/lib/jvm/java-6-openjdk/lib/i386:/usr/java/packages/lib/i386:/usr/lib/jni:/lib:/usr/lib
java.home=/usr/lib/jvm/java-6-openjdk/jre
java.class.path=/local/mymed/backend/controller/servers/glassfishv3/glassfish/modules/glassfish.jar
sun.boot.class.path=/local/mymed/backend/controller/servers/glassfishv3/glassfish/modules/endorsed/jaxb-api-osgi.jar:/local/mymed/backend/controller/servers/glassfishv3/glassfish/modules/endorsed/webservices-api-osgi.jar:/local/mymed/backend/controller/servers/glassfishv3/glassfish/modules/endorsed/javax.annotation.jar:/usr/lib/jvm/java-6-openjdk/jre/lib/resources.jar:/usr/lib/jvm/java-6-openjdk/jre/lib/rt.jar:/usr/lib/jvm/java-6-openjdk/jre/lib/sunrsasign.jar:/usr/lib/jvm/java-6-openjdk/jre/lib/jsse.jar:/usr/lib/jvm/java-6-openjdk/jre/lib/jce.jar:/usr/lib/jvm/java-6-openjdk/jre/lib/charsets.jar:/usr/lib/jvm/java-6-openjdk/jre/lib/netx.jar:/usr/lib/jvm/java-6-openjdk/jre/lib/plugin.jar:/usr/lib/jvm/java-6-openjdk/jre/lib/rhino.jar:/usr/lib/jvm/java-6-openjdk/jre/lib/modules/jdk.boot.jar:/usr/lib/jvm/java-6-openjdk/jre/classes
osgi.shell.telnet.maxconn=1
jdbc.drivers=org.apache.derby.jdbc.ClientDriver
felix.fileinstall.dir=/local/mymed/backend/controller/servers/glassfishv3/glassfish/modules/autostart/
javax.net.ssl.keyStore=/local/mymed/backend/controller/servers/glassfishv3/glassfish/domains/domain1/config/keystore.jks
osgi.shell.telnet.port=6666
java.security.policy=/local/mymed/backend/controller/servers/glassfishv3/glassfish/domains/domain1/config/server.policy
felix.fileinstall.poll=5000
com.sun.aas.instanceRoot=/local/mymed/backend/controller/servers/glassfishv3/glassfish/domains/domain1
com.sun.enterprise.config.config_environment_factory_class=com.sun.enterprise.config.serverbeans.AppserverConfigEnvironmentFactory
osgi.shell.telnet.ip=127.0.0.1
com.sun.aas.installRoot=/local/mymed/backend/controller/servers/glassfishv3/glassfish
felix.fileinstall.bundles.new.start=true
javax.net.ssl.trustStore=/local/mymed/backend/controller/servers/glassfishv3/glassfish/domains/domain1/config/cacerts.jks
com.sun.enterprise.security.httpsOutboundKeyAlias=s1as
java.security.auth.login.config=/local/mymed/backend/controller/servers/glassfishv3/glassfish/domains/domain1/config/login.conf
ANTLR_USE_DIRECT_CLASS_LOADING=true
felix.fileinstall.debug=1
org.glassfish.web.rfc2109_cookie_names_enforced=false
sun.java.launcher=SUN_STANDARD
</properties>
</vm_arguments>
<tty>
<writer thread='-2018518160'/>
<dependency_failed type='leaf_type' ctxk='java/io/ByteArrayOutputStream' witness='com/sun/common/util/logging/LoggingOutputStream' stamp='1,447'/>
<dependency_failed type='leaf_type' ctxk='java/io/ObjectOutputStream' witness='com/sun/enterprise/naming/util/OSGiObjectInputOutputStreamFactoryImpl$OSGiObjectOutputStream' stamp='1,489'/>
<dependency_failed type='leaf_type' ctxk='org/jvnet/hk2/component/MultiMap' witness='org/glassfish/api/admin/ParameterMap' stamp='1,835'/>
<dependency_failed type='leaf_type' ctxk='java/util/ArrayList' witness='com/sun/enterprise/config/serverbeans/Applications$Duck$1' stamp='1,893'/>
<dependency_failed type='leaf_type' ctxk='java/util/ArrayList' witness='com/sun/enterprise/config/serverbeans/Applications$Duck$1' stamp='1,893'/>
<dependency_failed type='leaf_type' ctxk='java/util/ArrayList' witness='com/sun/enterprise/config/serverbeans/Applications$Duck$1' stamp='1,893'/>
<dependency_failed type='no_finalizable_subclasses' ctxk='java/io/FilterInputStream' witness='com/sun/enterprise/loader/ASURLClassLoader$SentinelInputStream' stamp='2,214'/>
<dependency_failed type='unique_concrete_method' x='java/lang/SecurityManager checkPackageAccess (Ljava/lang/String;)V' witness='com/sun/enterprise/security/J2EESecurityManager' stamp='2,370'/>
<dependency_failed type='unique_concrete_method' x='java/lang/SecurityManager checkPropertyAccess (Ljava/lang/String;)V' witness='com/sun/enterprise/security/J2EESecurityManager' stamp='2,370'/>
<dependency_failed type='unique_concrete_method' x='java/lang/SecurityManager checkPropertyAccess (Ljava/lang/String;)V' witness='com/sun/enterprise/security/J2EESecurityManager' stamp='2,370'/>
<dependency_failed type='unique_concrete_method' x='java/util/Vector add (Ljava/lang/Object;)Z' witness='com/sun/enterprise/deployment/OrderedSet' stamp='2,513'/>
<dependency_failed type='unique_concrete_method' x='java/io/ObjectOutputStream replaceObject (Ljava/lang/Object;)Ljava/lang/Object;' witness='com/sun/enterprise/container/common/spi/util/JavaEEObjectOutputStream' stamp='2,650'/>
<dependency_failed type='unique_concrete_method' x='java/lang/ThreadLocal get ()Ljava/lang/Object;' witness='org/glassfish/web/admin/monitor/HttpServiceStatsProvider$1' stamp='2,659'/>
<dependency_failed type='unique_concrete_method' x='java/lang/ThreadLocal get ()Ljava/lang/Object;' witness='org/glassfish/web/admin/monitor/HttpServiceStatsProvider$1' stamp='2,659'/>
<dependency_failed type='unique_concrete_method' x='java/lang/ThreadLocal get ()Ljava/lang/Object;' witness='org/glassfish/web/admin/monitor/HttpServiceStatsProvider$1' stamp='2,659'/>
<dependency_failed type='unique_concrete_method' x='java/lang/ThreadLocal get ()Ljava/lang/Object;' witness='org/glassfish/web/admin/monitor/HttpServiceStatsProvider$1' stamp='2,659'/>
<dependency_failed type='unique_concrete_method' x='java/lang/ThreadLocal get ()Ljava/lang/Object;' witness='org/glassfish/web/admin/monitor/HttpServiceStatsProvider$1' stamp='2,659'/>
<dependency_failed type='unique_concrete_method' x='java/lang/ThreadLocal get ()Ljava/lang/Object;' witness='org/glassfish/web/admin/monitor/HttpServiceStatsProvider$1' stamp='2,659'/>
<dependency_failed type='unique_concrete_method' x='java/lang/ThreadLocal get ()Ljava/lang/Object;' witness='org/glassfish/web/admin/monitor/HttpServiceStatsProvider$1' stamp='2,659'/>
<dependency_failed type='leaf_type' ctxk='java/util/logging/Level' witness='com/sun/enterprise/util/logging/IASLevel' stamp='2,684'/>
<dependency_failed type='unique_concrete_method' ctxk='org/apache/felix/moduleloader/IWire' x='org/apache/felix/framework/searchpolicy/R4Wire getCapability ()Lorg/apache/felix/moduleloader/ICapability;' witness='org/apache/felix/moduleloader/IWire' stamp='2,982'/>
<dependency_failed type='unique_concrete_method' ctxk='org/apache/felix/moduleloader/IWire' x='org/apache/felix/framework/searchpolicy/R4Wire hasPackage (Ljava/lang/String;)Z' witness='org/apache/felix/moduleloader/IWire' stamp='2,982'/>
<dependency_failed type='unique_concrete_method' ctxk='org/apache/felix/moduleloader/IWire' x='org/apache/felix/framework/searchpolicy/R4Wire getCapability ()Lorg/apache/felix/moduleloader/ICapability;' witness='org/apache/felix/moduleloader/IWire' stamp='2,982'/>
<dependency_failed type='unique_concrete_method' ctxk='org/apache/felix/moduleloader/IWire' x='org/apache/felix/framework/searchpolicy/R4Wire getCapability ()Lorg/apache/felix/moduleloader/ICapability;' witness='org/apache/felix/moduleloader/IWire' stamp='2,982'/>
<dependency_failed type='unique_concrete_method' ctxk='org/apache/felix/moduleloader/IWire' x='org/apache/felix/framework/searchpolicy/R4Wire getClass (Ljava/lang/String;)Ljava/lang/Class;' witness='org/apache/felix/moduleloader/IWire' stamp='2,982'/>
<dependency_failed type='unique_concrete_method' ctxk='org/apache/felix/moduleloader/IWire' x='org/apache/felix/framework/searchpolicy/R4Wire getRequirement ()Lorg/apache/felix/moduleloader/IRequirement;' witness='org/apache/felix/moduleloader/IWire' stamp='2,982'/>
<dependency_failed type='unique_concrete_method' x='java/util/ArrayList add (Ljava/lang/Object;)Z' witness='javax/management/AttributeList' stamp='3,173'/>
<dependency_failed type='unique_concrete_method' x='java/util/ArrayList set (ILjava/lang/Object;)Ljava/lang/Object;' witness='javax/management/AttributeList' stamp='3,173'/>
<dependency_failed type='unique_concrete_method' ctxk='org/w3c/dom/Node' x='com/sun/org/apache/xerces/internal/dom/NodeImpl appendChild (Lorg/w3c/dom/Node;)Lorg/w3c/dom/Node;' witness='org/w3c/dom/Node' stamp='3,389'/>
<dependency_failed type='unique_concrete_method' ctxk='org/w3c/dom/NamedNodeMap' x='com/sun/org/apache/xerces/internal/dom/NamedNodeMapImpl getLength ()I' witness='org/w3c/dom/NamedNodeMap' stamp='3,401'/>
<dependency_failed type='leaf_type' ctxk='com/sun/org/apache/xerces/internal/xni/QName' witness='com/sun/org/apache/xerces/internal/impl/dv/xs/QNameDV$XQName' stamp='3,422'/>
<writer thread='-2038989968'/>
<dependency_failed type='leaf_type' ctxk='java/io/FileInputStream' witness='java/net/SocketInputStream' stamp='4,880'/>
<writer thread='-2037662864'/>
<dependency_failed type='leaf_type' ctxk='java/util/concurrent/ConcurrentHashMap' witness='sun/net/www/http/KeepAliveCache' stamp='5,085'/>
<dependency_failed type='leaf_type' ctxk='java/util/concurrent/ConcurrentHashMap' witness='sun/net/www/http/KeepAliveCache' stamp='5,085'/>
<dependency_failed type='leaf_type' ctxk='java/util/Stack' witness='sun/net/www/http/ClientVector' stamp='5,522'/>
<dependency_failed type='leaf_type' ctxk='java/util/Stack' witness='sun/net/www/http/ClientVector' stamp='5,522'/>
<dependency_failed type='leaf_type' ctxk='java/util/Stack' witness='sun/net/www/http/ClientVector' stamp='5,522'/>
<writer thread='-2044339344'/>
<dependency_failed type='unique_concrete_method' x='java/io/BufferedReader close ()V' witness='org/apache/catalina/connector/CoyoteReader' stamp='9,475'/>
<dependency_failed type='unique_concrete_method' x='java/io/BufferedReader close ()V' witness='org/apache/catalina/connector/CoyoteReader' stamp='9,476'/>
<dependency_failed type='unique_concrete_method' x='java/io/Reader read ([C)I' witness='org/apache/catalina/connector/CoyoteReader' stamp='9,476'/>
<dependency_failed type='unique_concrete_method' x='java/util/HashMap put (Ljava/lang/Object;Ljava/lang/Object;)Ljava/lang/Object;' witness='org/apache/catalina/util/ParameterMap' stamp='9,479'/>
<dependency_failed type='unique_concrete_method' x='java/util/HashMap put (Ljava/lang/Object;Ljava/lang/Object;)Ljava/lang/Object;' witness='org/apache/catalina/util/ParameterMap' stamp='9,479'/>
<dependency_failed type='unique_concrete_method' x='java/util/HashMap put (Ljava/lang/Object;Ljava/lang/Object;)Ljava/lang/Object;' witness='org/apache/catalina/util/ParameterMap' stamp='9,479'/>
<dependency_failed type='unique_concrete_method' x='java/util/HashMap put (Ljava/lang/Object;Ljava/lang/Object;)Ljava/lang/Object;' witness='org/apache/catalina/util/ParameterMap' stamp='9,479'/>
<dependency_failed type='unique_concrete_method' x='java/util/HashMap put (Ljava/lang/Object;Ljava/lang/Object;)Ljava/lang/Object;' witness='org/apache/catalina/util/ParameterMap' stamp='9,479'/>
<dependency_failed type='unique_concrete_method' x='java/util/HashMap put (Ljava/lang/Object;Ljava/lang/Object;)Ljava/lang/Object;' witness='org/apache/catalina/util/ParameterMap' stamp='9,479'/>
<dependency_failed type='unique_concrete_method' x='java/util/HashMap put (Ljava/lang/Object;Ljava/lang/Object;)Ljava/lang/Object;' witness='org/apache/catalina/util/ParameterMap' stamp='9,479'/>
<dependency_failed type='unique_concrete_method' x='java/util/HashMap remove (Ljava/lang/Object;)Ljava/lang/Object;' witness='org/apache/catalina/util/ParameterMap' stamp='9,479'/>
<dependency_failed type='unique_concrete_method' x='java/util/HashMap put (Ljava/lang/Object;Ljava/lang/Object;)Ljava/lang/Object;' witness='org/apache/catalina/util/ParameterMap' stamp='9,479'/>
<dependency_failed type='unique_concrete_method' x='java/util/HashMap put (Ljava/lang/Object;Ljava/lang/Object;)Ljava/lang/Object;' witness='org/apache/catalina/util/ParameterMap' stamp='9,480'/>
<dependency_failed type='unique_concrete_method' x='java/util/HashMap put (Ljava/lang/Object;Ljava/lang/Object;)Ljava/lang/Object;' witness='org/apache/catalina/util/ParameterMap' stamp='9,480'/>
<writer thread='-2040317072'/>
<dependency_failed type='unique_concrete_method' ctxk='org/objectweb/asm/ClassVisitor' x='org/glassfish/deployment/common/NodeInfo visit (IILjava/lang/String;Ljava/lang/String;Ljava/lang/String;[Ljava/lang/String;)V' witness='org/objectweb/asm/ClassVisitor' stamp='73,115'/>
<writer thread='-2047988880'/>
<dependency_failed type='unique_concrete_method' ctxk='org/xml/sax/Attributes' x='com/sun/org/apache/xerces/internal/parsers/AbstractSAXParser$AttributesProxy getLength ()I' witness='org/xml/sax/Attributes' stamp='83,432'/>
<dependency_failed type='leaf_type' ctxk='java/util/Date' witness='java/sql/Date' stamp='83,993'/>
<dependency_failed type='leaf_type' ctxk='java/util/Date' witness='java/sql/Date' stamp='83,993'/>
<dependency_failed type='leaf_type' ctxk='java/util/Date' witness='java/sql/Date' stamp='83,993'/>
<dependency_failed type='unique_concrete_method' x='java/util/Date getTime ()J' witness='java/sql/Timestamp' stamp='83,993'/>
<dependency_failed type='unique_concrete_method' x='java/util/Date getTime ()J' witness='java/sql/Timestamp' stamp='83,993'/>
<writer thread='-2048320656'/>
<dependency_failed type='unique_concrete_method' x='java/lang/Throwable fillInStackTrace ()Ljava/lang/Throwable;' witness='com/sun/jsftemplating/layout/ProcessingCompleteException' stamp='87,494'/>
<dependency_failed type='unique_concrete_method' x='java/lang/Throwable fillInStackTrace ()Ljava/lang/Throwable;' witness='com/sun/jsftemplating/layout/ProcessingCompleteException' stamp='87,494'/>
<dependency_failed type='unique_concrete_method' x='java/lang/Throwable fillInStackTrace ()Ljava/lang/Throwable;' witness='com/sun/jsftemplating/layout/ProcessingCompleteException' stamp='87,494'/>
<dependency_failed type='unique_concrete_method' x='java/lang/Throwable fillInStackTrace ()Ljava/lang/Throwable;' witness='com/sun/jsftemplating/layout/ProcessingCompleteException' stamp='87,494'/>
<writer thread='-2050962576'/>
<dependency_failed type='unique_concrete_method' x='java/lang/SecurityManager checkPermission (Ljava/security/Permission;)V' witness='org/glassfish/appclient/server/core/jws/servedcontent/ASJarSigner$NoExitSecurityManager' stamp='88,235'/>
<dependency_failed type='unique_concrete_method' x='java/lang/SecurityManager checkPermission (Ljava/security/Permission;)V' witness='org/glassfish/appclient/server/core/jws/servedcontent/ASJarSigner$NoExitSecurityManager' stamp='88,235'/>
<dependency_failed type='unique_concrete_method' x='java/lang/SecurityManager checkPermission (Ljava/security/Permission;)V' witness='org/glassfish/appclient/server/core/jws/servedcontent/ASJarSigner$NoExitSecurityManager' stamp='88,235'/>
<dependency_failed type='unique_concrete_method' x='java/lang/SecurityManager checkPermission (Ljava/security/Permission;)V' witness='org/glassfish/appclient/server/core/jws/servedcontent/ASJarSigner$NoExitSecurityManager' stamp='88,235'/>
<dependency_failed type='unique_concrete_method' x='java/lang/SecurityManager checkPermission (Ljava/security/Permission;)V' witness='org/glassfish/appclient/server/core/jws/servedcontent/ASJarSigner$NoExitSecurityManager' stamp='88,235'/>
<dependency_failed type='unique_concrete_method' x='java/lang/SecurityManager checkPermission (Ljava/security/Permission;)V' witness='org/glassfish/appclient/server/core/jws/servedcontent/ASJarSigner$NoExitSecurityManager' stamp='88,235'/>
<dependency_failed type='unique_concrete_method' x='java/lang/SecurityManager checkPermission (Ljava/security/Permission;)V' witness='org/glassfish/appclient/server/core/jws/servedcontent/ASJarSigner$NoExitSecurityManager' stamp='88,235'/>
<dependency_failed type='unique_concrete_method' x='java/lang/SecurityManager checkPermission (Ljava/security/Permission;)V' witness='org/glassfish/appclient/server/core/jws/servedcontent/ASJarSigner$NoExitSecurityManager' stamp='88,235'/>
<dependency_failed type='unique_concrete_method' x='java/lang/SecurityManager checkPermission (Ljava/security/Permission;)V' witness='org/glassfish/appclient/server/core/jws/servedcontent/ASJarSigner$NoExitSecurityManager' stamp='88,235'/>
<dependency_failed type='unique_concrete_method' x='java/lang/SecurityManager checkPermission (Ljava/security/Permission;)V' witness='org/glassfish/appclient/server/core/jws/servedcontent/ASJarSigner$NoExitSecurityManager' stamp='88,235'/>
<dependency_failed type='unique_concrete_method' x='java/lang/SecurityManager checkPermission (Ljava/security/Permission;)V' witness='org/glassfish/appclient/server/core/jws/servedcontent/ASJarSigner$NoExitSecurityManager' stamp='88,235'/>
<depe