This file contains any messages produced by compilers while
running configure, to aid debugging if configure makes a mistake.

It was created by turnserver configure 0.4, which was
generated by GNU Autoconf 2.65.  Invocation command line was

  $ ./configure 

## --------- ##
## Platform. ##
## --------- ##

hostname = mymed12
uname -m = i686
uname -r = 2.6.32-24-generic-pae
uname -s = Linux
uname -v = #43-Ubuntu SMP Thu Sep 16 15:30:27 UTC 2010

/usr/bin/uname -p = unknown
/bin/uname -X     = unknown

/bin/arch              = unknown
/usr/bin/arch -k       = unknown
/usr/convex/getsysinfo = unknown
/usr/bin/hostinfo      = unknown
/bin/machine           = unknown
/usr/bin/oslevel       = unknown
/bin/universe          = unknown

PATH: /usr/local/sbin
PATH: /usr/local/bin
PATH: /usr/sbin
PATH: /usr/bin
PATH: /sbin
PATH: /bin
PATH: /usr/games


## ----------- ##
## Core tests. ##
## ----------- ##

configure:2472: checking for pkg-config
configure:2505: result: no
configure:2541: checking for CHECK
configure:2603: result: testing is disabled
configure:2664: checking for gcc
configure:2680: found /usr/bin/gcc
configure:2691: result: gcc
configure:2920: checking for C compiler version
configure:2929: gcc --version >&5
gcc (Ubuntu 4.4.3-4ubuntu5) 4.4.3
Copyright (C) 2009 Free Software Foundation, Inc.
This is free software; see the source for copying conditions.  There is NO
warranty; not even for MERCHANTABILITY or FITNESS FOR A PARTICULAR PURPOSE.

configure:2940: $? = 0
configure:2929: gcc -v >&5
Using built-in specs.
Target: i486-linux-gnu
Configured with: ../src/configure -v --with-pkgversion='Ubuntu 4.4.3-4ubuntu5' --with-bugurl=file:///usr/share/doc/gcc-4.4/README.Bugs --enable-languages=c,c++,fortran,objc,obj-c++ --prefix=/usr --enable-shared --enable-multiarch --enable-linker-build-id --with-system-zlib --libexecdir=/usr/lib --without-included-gettext --enable-threads=posix --with-gxx-include-dir=/usr/include/c++/4.4 --program-suffix=-4.4 --enable-nls --enable-clocale=gnu --enable-libstdcxx-debug --enable-plugin --enable-objc-gc --enable-targets=all --disable-werror --with-arch-32=i486 --with-tune=generic --enable-checking=release --build=i486-linux-gnu --host=i486-linux-gnu --target=i486-linux-gnu
Thread model: posix
gcc version 4.4.3 (Ubuntu 4.4.3-4ubuntu5) 
configure:2940: $? = 0
configure:2929: gcc -V >&5
gcc: '-V' option must have argument
configure:2940: $? = 1
configure:2929: gcc -qversion >&5
gcc: unrecognized option '-qversion'
gcc: no input files
configure:2940: $? = 1
configure:2960: checking whether the C compiler works
configure:2982: gcc    conftest.c  >&5
configure:2986: $? = 0
configure:3035: result: yes
configure:3038: checking for C compiler default output file name
configure:3040: result: a.out
configure:3046: checking for suffix of executables
configure:3053: gcc -o conftest    conftest.c  >&5
configure:3057: $? = 0
configure:3079: result: 
configure:3101: checking whether we are cross compiling
configure:3109: gcc -o conftest    conftest.c  >&5
configure:3113: $? = 0
configure:3120: ./conftest
configure:3124: $? = 0
configure:3139: result: no
configure:3144: checking for suffix of object files
configure:3166: gcc -c   conftest.c >&5
configure:3170: $? = 0
configure:3191: result: o
configure:3195: checking whether we are using the GNU C compiler
configure:3214: gcc -c   conftest.c >&5
configure:3214: $? = 0
configure:3223: result: yes
configure:3232: checking whether gcc accepts -g
configure:3252: gcc -c -g  conftest.c >&5
configure:3252: $? = 0
configure:3293: result: yes
configure:3310: checking for gcc option to accept ISO C89
configure:3374: gcc  -c   conftest.c >&5
configure:3374: $? = 0
configure:3387: result: none needed
configure:3408: checking whether gcc and cc understand -c and -o together
configure:3439: gcc -c conftest.c -o conftest2.o >&5
configure:3443: $? = 0
configure:3449: gcc -c conftest.c -o conftest2.o >&5
configure:3453: $? = 0
configure:3464: cc -c conftest.c >&5
configure:3468: $? = 0
configure:3476: cc -c conftest.c -o conftest2.o >&5
configure:3480: $? = 0
configure:3486: cc -c conftest.c -o conftest2.o >&5
configure:3490: $? = 0
configure:3508: result: yes
configure:3538: checking for sed
configure:3554: found /bin/sed
configure:3565: result: sed
configure:3576: checking for timer_create in -lrt
configure:3601: gcc -o conftest    conftest.c -lrt   >&5
configure:3601: $? = 0
configure:3610: result: yes
configure:3623: checking for SSL_new in -lssl
configure:3648: gcc -o conftest    conftest.c -lssl  -lrt  >&5
configure:3648: $? = 0
configure:3657: result: yes
configure:3670: checking for cfg_init in -lconfuse
configure:3695: gcc -o conftest    conftest.c -lconfuse  -lssl -lrt  >&5
configure:3695: $? = 0
configure:3704: result: yes
configure:3724: checking how to run the C preprocessor
configure:3755: gcc -E  conftest.c
configure:3755: $? = 0
configure:3769: gcc -E  conftest.c
conftest.c:12:28: error: ac_nonexistent.h: No such file or directory
configure:3769: $? = 1
configure: failed program was:
| /* confdefs.h */
| #define PACKAGE_NAME "turnserver"
| #define PACKAGE_TARNAME "turnserver"
| #define PACKAGE_VERSION "0.4"
| #define PACKAGE_STRING "turnserver 0.4"
| #define PACKAGE_BUGREPORT "http://www.turnserver.org/"
| #define PACKAGE_URL ""
| #define HAVE_LIBRT 1
| #define HAVE_LIBSSL 1
| #define HAVE_LIBCONFUSE 1
| /* end confdefs.h.  */
| #include <ac_nonexistent.h>
configure:3794: result: gcc -E
configure:3814: gcc -E  conftest.c
configure:3814: $? = 0
configure:3828: gcc -E  conftest.c
conftest.c:12:28: error: ac_nonexistent.h: No such file or directory
configure:3828: $? = 1
configure: failed program was:
| /* confdefs.h */
| #define PACKAGE_NAME "turnserver"
| #define PACKAGE_TARNAME "turnserver"
| #define PACKAGE_VERSION "0.4"
| #define PACKAGE_STRING "turnserver 0.4"
| #define PACKAGE_BUGREPORT "http://www.turnserver.org/"
| #define PACKAGE_URL ""
| #define HAVE_LIBRT 1
| #define HAVE_LIBSSL 1
| #define HAVE_LIBCONFUSE 1
| /* end confdefs.h.  */
| #include <ac_nonexistent.h>
configure:3857: checking for grep that handles long lines and -e
configure:3915: result: /bin/grep
configure:3920: checking for egrep
configure:3982: result: /bin/grep -E
configure:3987: checking for ANSI C header files
configure:4007: gcc -c   conftest.c >&5
configure:4007: $? = 0
configure:4080: gcc -o conftest    conftest.c -lconfuse -lssl -lrt  >&5
configure:4080: $? = 0
configure:4080: ./conftest
configure:4080: $? = 0
configure:4091: result: yes
configure:4104: checking for sys/types.h
configure:4104: gcc -c   conftest.c >&5
configure:4104: $? = 0
configure:4104: result: yes
configure:4104: checking for sys/stat.h
configure:4104: gcc -c   conftest.c >&5
configure:4104: $? = 0
configure:4104: result: yes
configure:4104: checking for stdlib.h
configure:4104: gcc -c   conftest.c >&5
configure:4104: $? = 0
configure:4104: result: yes
configure:4104: checking for string.h
configure:4104: gcc -c   conftest.c >&5
configure:4104: $? = 0
configure:4104: result: yes
configure:4104: checking for memory.h
configure:4104: gcc -c   conftest.c >&5
configure:4104: $? = 0
configure:4104: result: yes
configure:4104: checking for strings.h
configure:4104: gcc -c   conftest.c >&5
configure:4104: $? = 0
configure:4104: result: yes
configure:4104: checking for inttypes.h
configure:4104: gcc -c   conftest.c >&5
configure:4104: $? = 0
configure:4104: result: yes
configure:4104: checking for stdint.h
configure:4104: gcc -c   conftest.c >&5
configure:4104: $? = 0
configure:4104: result: yes
configure:4104: checking for unistd.h
configure:4104: gcc -c   conftest.c >&5
configure:4104: $? = 0
configure:4104: result: yes
configure:4120: checking arpa/inet.h usability
configure:4120: gcc -c   conftest.c >&5
configure:4120: $? = 0
configure:4120: result: yes
configure:4120: checking arpa/inet.h presence
configure:4120: gcc -E  conftest.c
configure:4120: $? = 0
configure:4120: result: yes
configure:4120: checking for arpa/inet.h
configure:4120: result: yes
configure:4120: checking fcntl.h usability
configure:4120: gcc -c   conftest.c >&5
configure:4120: $? = 0
configure:4120: result: yes
configure:4120: checking fcntl.h presence
configure:4120: gcc -E  conftest.c
configure:4120: $? = 0
configure:4120: result: yes
configure:4120: checking for fcntl.h
configure:4120: result: yes
configure:4120: checking limits.h usability
configure:4120: gcc -c   conftest.c >&5
configure:4120: $? = 0
configure:4120: result: yes
configure:4120: checking limits.h presence
configure:4120: gcc -E  conftest.c
configure:4120: $? = 0
configure:4120: result: yes
configure:4120: checking for limits.h
configure:4120: result: yes
configure:4120: checking netdb.h usability
configure:4120: gcc -c   conftest.c >&5
configure:4120: $? = 0
configure:4120: result: yes
configure:4120: checking netdb.h presence
configure:4120: gcc -E  conftest.c
configure:4120: $? = 0
configure:4120: result: yes
configure:4120: checking for netdb.h
configure:4120: result: yes
configure:4120: checking netinet/in.h usability
configure:4120: gcc -c   conftest.c >&5
configure:4120: $? = 0
configure:4120: result: yes
configure:4120: checking netinet/in.h presence
configure:4120: gcc -E  conftest.c
configure:4120: $? = 0
configure:4120: result: yes
configure:4120: checking for netinet/in.h
configure:4120: result: yes
configure:4120: checking stddef.h usability
configure:4120: gcc -c   conftest.c >&5
configure:4120: $? = 0
configure:4120: result: yes
configure:4120: checking stddef.h presence
configure:4120: gcc -E  conftest.c
configure:4120: $? = 0
configure:4120: result: yes
configure:4120: checking for stddef.h
configure:4120: result: yes
configure:4120: checking for stdint.h
configure:4120: result: yes
configure:4120: checking for stdlib.h
configure:4120: result: yes
configure:4120: checking for string.h
configure:4120: result: yes
configure:4120: checking sys/socket.h usability
configure:4120: gcc -c   conftest.c >&5
configure:4120: $? = 0
configure:4120: result: yes
configure:4120: checking sys/socket.h presence
configure:4120: gcc -E  conftest.c
configure:4120: $? = 0
configure:4120: result: yes
configure:4120: checking for sys/socket.h
configure:4120: result: yes
configure:4120: checking sys/time.h usability
configure:4120: gcc -c   conftest.c >&5
configure:4120: $? = 0
configure:4120: result: yes
configure:4120: checking sys/time.h presence
configure:4120: gcc -E  conftest.c
configure:4120: $? = 0
configure:4120: result: yes
configure:4120: checking for sys/time.h
configure:4120: result: yes
configure:4120: checking syslog.h usability
configure:4120: gcc -c   conftest.c >&5
configure:4120: $? = 0
configure:4120: result: yes
configure:4120: checking syslog.h presence
configure:4120: gcc -E  conftest.c
configure:4120: $? = 0
configure:4120: result: yes
configure:4120: checking for syslog.h
configure:4120: result: yes
configure:4120: checking for unistd.h
configure:4120: result: yes
configure:4133: checking for an ANSI C-conforming const
configure:4198: gcc -c   conftest.c >&5
configure:4198: $? = 0
configure:4205: result: yes
configure:4213: checking for uid_t in sys/types.h
configure:4232: result: yes
configure:4243: checking for inline
configure:4259: gcc -c   conftest.c >&5
configure:4259: $? = 0
configure:4267: result: inline
configure:4285: checking for int16_t
configure:4285: gcc -c   conftest.c >&5
configure:4285: $? = 0
configure:4285: gcc -c   conftest.c >&5
conftest.c: In function 'main':
conftest.c:73: error: size of array 'test_array' is negative
configure:4285: $? = 1
configure: failed program was:
| /* confdefs.h */
| #define PACKAGE_NAME "turnserver"
| #define PACKAGE_TARNAME "turnserver"
| #define PACKAGE_VERSION "0.4"
| #define PACKAGE_STRING "turnserver 0.4"
| #define PACKAGE_BUGREPORT "http://www.turnserver.org/"
| #define PACKAGE_URL ""
| #define HAVE_LIBRT 1
| #define HAVE_LIBSSL 1
| #define HAVE_LIBCONFUSE 1
| #define STDC_HEADERS 1
| #define HAVE_SYS_TYPES_H 1
| #define HAVE_SYS_STAT_H 1
| #define HAVE_STDLIB_H 1
| #define HAVE_STRING_H 1
| #define HAVE_MEMORY_H 1
| #define HAVE_STRINGS_H 1
| #define HAVE_INTTYPES_H 1
| #define HAVE_STDINT_H 1
| #define HAVE_UNISTD_H 1
| #define HAVE_ARPA_INET_H 1
| #define HAVE_FCNTL_H 1
| #define HAVE_LIMITS_H 1
| #define HAVE_NETDB_H 1
| #define HAVE_NETINET_IN_H 1
| #define HAVE_STDDEF_H 1
| #define HAVE_STDINT_H 1
| #define HAVE_STDLIB_H 1
| #define HAVE_STRING_H 1
| #define HAVE_SYS_SOCKET_H 1
| #define HAVE_SYS_TIME_H 1
| #define HAVE_SYSLOG_H 1
| #define HAVE_UNISTD_H 1
| /* end confdefs.h.  */
| #include <stdio.h>
| #ifdef HAVE_SYS_TYPES_H
| # include <sys/types.h>
| #endif
| #ifdef HAVE_SYS_STAT_H
| # include <sys/stat.h>
| #endif
| #ifdef STDC_HEADERS
| # include <stdlib.h>
| # include <stddef.h>
| #else
| # ifdef HAVE_STDLIB_H
| #  include <stdlib.h>
| # endif
| #endif
| #ifdef HAVE_STRING_H
| # if !defined STDC_HEADERS && defined HAVE_MEMORY_H
| #  include <memory.h>
| # endif
| # include <string.h>
| #endif
| #ifdef HAVE_STRINGS_H
| # include <strings.h>
| #endif
| #ifdef HAVE_INTTYPES_H
| # include <inttypes.h>
| #endif
| #ifdef HAVE_STDINT_H
| # include <stdint.h>
| #endif
| #ifdef HAVE_UNISTD_H
| # include <unistd.h>
| #endif
| 	        enum { N = 16 / 2 - 1 };
| int
| main ()
| {
| static int test_array [1 - 2 * !((int16_t) (((((int16_t) 1 << N) << N) - 1) * 2 + 1)
| 		 < (int16_t) (((((int16_t) 1 << N) << N) - 1) * 2 + 2))];
| test_array [0] = 0
| 
|   ;
|   return 0;
| }
configure:4285: result: yes
configure:4296: checking for int32_t
configure:4296: gcc -c   conftest.c >&5
configure:4296: $? = 0
configure:4296: gcc -c   conftest.c >&5
conftest.c: In function 'main':
conftest.c:73: warning: integer overflow in expression
conftest.c:73: error: size of array 'test_array' is negative
configure:4296: $? = 1
configure: failed program was:
| /* confdefs.h */
| #define PACKAGE_NAME "turnserver"
| #define PACKAGE_TARNAME "turnserver"
| #define PACKAGE_VERSION "0.4"
| #define PACKAGE_STRING "turnserver 0.4"
| #define PACKAGE_BUGREPORT "http://www.turnserver.org/"
| #define PACKAGE_URL ""
| #define HAVE_LIBRT 1
| #define HAVE_LIBSSL 1
| #define HAVE_LIBCONFUSE 1
| #define STDC_HEADERS 1
| #define HAVE_SYS_TYPES_H 1
| #define HAVE_SYS_STAT_H 1
| #define HAVE_STDLIB_H 1
| #define HAVE_STRING_H 1
| #define HAVE_MEMORY_H 1
| #define HAVE_STRINGS_H 1
| #define HAVE_INTTYPES_H 1
| #define HAVE_STDINT_H 1
| #define HAVE_UNISTD_H 1
| #define HAVE_ARPA_INET_H 1
| #define HAVE_FCNTL_H 1
| #define HAVE_LIMITS_H 1
| #define HAVE_NETDB_H 1
| #define HAVE_NETINET_IN_H 1
| #define HAVE_STDDEF_H 1
| #define HAVE_STDINT_H 1
| #define HAVE_STDLIB_H 1
| #define HAVE_STRING_H 1
| #define HAVE_SYS_SOCKET_H 1
| #define HAVE_SYS_TIME_H 1
| #define HAVE_SYSLOG_H 1
| #define HAVE_UNISTD_H 1
| /* end confdefs.h.  */
| #include <stdio.h>
| #ifdef HAVE_SYS_TYPES_H
| # include <sys/types.h>
| #endif
| #ifdef HAVE_SYS_STAT_H
| # include <sys/stat.h>
| #endif
| #ifdef STDC_HEADERS
| # include <stdlib.h>
| # include <stddef.h>
| #else
| # ifdef HAVE_STDLIB_H
| #  include <stdlib.h>
| # endif
| #endif
| #ifdef HAVE_STRING_H
| # if !defined STDC_HEADERS && defined HAVE_MEMORY_H
| #  include <memory.h>
| # endif
| # include <string.h>
| #endif
| #ifdef HAVE_STRINGS_H
| # include <strings.h>
| #endif
| #ifdef HAVE_INTTYPES_H
| # include <inttypes.h>
| #endif
| #ifdef HAVE_STDINT_H
| # include <stdint.h>
| #endif
| #ifdef HAVE_UNISTD_H
| # include <unistd.h>
| #endif
| 	        enum { N = 32 / 2 - 1 };
| int
| main ()
| {
| static int test_array [1 - 2 * !((int32_t) (((((int32_t) 1 << N) << N) - 1) * 2 + 1)
| 		 < (int32_t) (((((int32_t) 1 << N) << N) - 1) * 2 + 2))];
| test_array [0] = 0
| 
|   ;
|   return 0;
| }
configure:4296: result: yes
configure:4307: checking for int64_t
configure:4307: gcc -c   conftest.c >&5
configure:4307: $? = 0
configure:4307: gcc -c   conftest.c >&5
conftest.c: In function 'main':
conftest.c:73: warning: integer overflow in expression
conftest.c:73: error: size of array 'test_array' is negative
configure:4307: $? = 1
configure: failed program was:
| /* confdefs.h */
| #define PACKAGE_NAME "turnserver"
| #define PACKAGE_TARNAME "turnserver"
| #define PACKAGE_VERSION "0.4"
| #define PACKAGE_STRING "turnserver 0.4"
| #define PACKAGE_BUGREPORT "http://www.turnserver.org/"
| #define PACKAGE_URL ""
| #define HAVE_LIBRT 1
| #define HAVE_LIBSSL 1
| #define HAVE_LIBCONFUSE 1
| #define STDC_HEADERS 1
| #define HAVE_SYS_TYPES_H 1
| #define HAVE_SYS_STAT_H 1
| #define HAVE_STDLIB_H 1
| #define HAVE_STRING_H 1
| #define HAVE_MEMORY_H 1
| #define HAVE_STRINGS_H 1
| #define HAVE_INTTYPES_H 1
| #define HAVE_STDINT_H 1
| #define HAVE_UNISTD_H 1
| #define HAVE_ARPA_INET_H 1
| #define HAVE_FCNTL_H 1
| #define HAVE_LIMITS_H 1
| #define HAVE_NETDB_H 1
| #define HAVE_NETINET_IN_H 1
| #define HAVE_STDDEF_H 1
| #define HAVE_STDINT_H 1
| #define HAVE_STDLIB_H 1
| #define HAVE_STRING_H 1
| #define HAVE_SYS_SOCKET_H 1
| #define HAVE_SYS_TIME_H 1
| #define HAVE_SYSLOG_H 1
| #define HAVE_UNISTD_H 1
| /* end confdefs.h.  */
| #include <stdio.h>
| #ifdef HAVE_SYS_TYPES_H
| # include <sys/types.h>
| #endif
| #ifdef HAVE_SYS_STAT_H
| # include <sys/stat.h>
| #endif
| #ifdef STDC_HEADERS
| # include <stdlib.h>
| # include <stddef.h>
| #else
| # ifdef HAVE_STDLIB_H
| #  include <stdlib.h>
| # endif
| #endif
| #ifdef HAVE_STRING_H
| # if !defined STDC_HEADERS && defined HAVE_MEMORY_H
| #  include <memory.h>
| # endif
| # include <string.h>
| #endif
| #ifdef HAVE_STRINGS_H
| # include <strings.h>
| #endif
| #ifdef HAVE_INTTYPES_H
| # include <inttypes.h>
| #endif
| #ifdef HAVE_STDINT_H
| # include <stdint.h>
| #endif
| #ifdef HAVE_UNISTD_H
| # include <unistd.h>
| #endif
| 	        enum { N = 64 / 2 - 1 };
| int
| main ()
| {
| static int test_array [1 - 2 * !((int64_t) (((((int64_t) 1 << N) << N) - 1) * 2 + 1)
| 		 < (int64_t) (((((int64_t) 1 << N) << N) - 1) * 2 + 2))];
| test_array [0] = 0
| 
|   ;
|   return 0;
| }
configure:4307: result: yes
configure:4318: checking for int8_t
configure:4318: gcc -c   conftest.c >&5
configure:4318: $? = 0
configure:4318: gcc -c   conftest.c >&5
conftest.c: In function 'main':
conftest.c:73: error: size of array 'test_array' is negative
configure:4318: $? = 1
configure: failed program was:
| /* confdefs.h */
| #define PACKAGE_NAME "turnserver"
| #define PACKAGE_TARNAME "turnserver"
| #define PACKAGE_VERSION "0.4"
| #define PACKAGE_STRING "turnserver 0.4"
| #define PACKAGE_BUGREPORT "http://www.turnserver.org/"
| #define PACKAGE_URL ""
| #define HAVE_LIBRT 1
| #define HAVE_LIBSSL 1
| #define HAVE_LIBCONFUSE 1
| #define STDC_HEADERS 1
| #define HAVE_SYS_TYPES_H 1
| #define HAVE_SYS_STAT_H 1
| #define HAVE_STDLIB_H 1
| #define HAVE_STRING_H 1
| #define HAVE_MEMORY_H 1
| #define HAVE_STRINGS_H 1
| #define HAVE_INTTYPES_H 1
| #define HAVE_STDINT_H 1
| #define HAVE_UNISTD_H 1
| #define HAVE_ARPA_INET_H 1
| #define HAVE_FCNTL_H 1
| #define HAVE_LIMITS_H 1
| #define HAVE_NETDB_H 1
| #define HAVE_NETINET_IN_H 1
| #define HAVE_STDDEF_H 1
| #define HAVE_STDINT_H 1
| #define HAVE_STDLIB_H 1
| #define HAVE_STRING_H 1
| #define HAVE_SYS_SOCKET_H 1
| #define HAVE_SYS_TIME_H 1
| #define HAVE_SYSLOG_H 1
| #define HAVE_UNISTD_H 1
| /* end confdefs.h.  */
| #include <stdio.h>
| #ifdef HAVE_SYS_TYPES_H
| # include <sys/types.h>
| #endif
| #ifdef HAVE_SYS_STAT_H
| # include <sys/stat.h>
| #endif
| #ifdef STDC_HEADERS
| # include <stdlib.h>
| # include <stddef.h>
| #else
| # ifdef HAVE_STDLIB_H
| #  include <stdlib.h>
| # endif
| #endif
| #ifdef HAVE_STRING_H
| # if !defined STDC_HEADERS && defined HAVE_MEMORY_H
| #  include <memory.h>
| # endif
| # include <string.h>
| #endif
| #ifdef HAVE_STRINGS_H
| # include <strings.h>
| #endif
| #ifdef HAVE_INTTYPES_H
| # include <inttypes.h>
| #endif
| #ifdef HAVE_STDINT_H
| # include <stdint.h>
| #endif
| #ifdef HAVE_UNISTD_H
| # include <unistd.h>
| #endif
| 	        enum { N = 8 / 2 - 1 };
| int
| main ()
| {
| static int test_array [1 - 2 * !((int8_t) (((((int8_t) 1 << N) << N) - 1) * 2 + 1)
| 		 < (int8_t) (((((int8_t) 1 << N) << N) - 1) * 2 + 2))];
| test_array [0] = 0
| 
|   ;
|   return 0;
| }
configure:4318: result: yes
configure:4329: checking for mode_t
configure:4329: gcc -c   conftest.c >&5
configure:4329: $? = 0
configure:4329: gcc -c   conftest.c >&5
conftest.c: In function 'main':
conftest.c:71: error: expected expression before ')' token
configure:4329: $? = 1
configure: failed program was:
| /* confdefs.h */
| #define PACKAGE_NAME "turnserver"
| #define PACKAGE_TARNAME "turnserver"
| #define PACKAGE_VERSION "0.4"
| #define PACKAGE_STRING "turnserver 0.4"
| #define PACKAGE_BUGREPORT "http://www.turnserver.org/"
| #define PACKAGE_URL ""
| #define HAVE_LIBRT 1
| #define HAVE_LIBSSL 1
| #define HAVE_LIBCONFUSE 1
| #define STDC_HEADERS 1
| #define HAVE_SYS_TYPES_H 1
| #define HAVE_SYS_STAT_H 1
| #define HAVE_STDLIB_H 1
| #define HAVE_STRING_H 1
| #define HAVE_MEMORY_H 1
| #define HAVE_STRINGS_H 1
| #define HAVE_INTTYPES_H 1
| #define HAVE_STDINT_H 1
| #define HAVE_UNISTD_H 1
| #define HAVE_ARPA_INET_H 1
| #define HAVE_FCNTL_H 1
| #define HAVE_LIMITS_H 1
| #define HAVE_NETDB_H 1
| #define HAVE_NETINET_IN_H 1
| #define HAVE_STDDEF_H 1
| #define HAVE_STDINT_H 1
| #define HAVE_STDLIB_H 1
| #define HAVE_STRING_H 1
| #define HAVE_SYS_SOCKET_H 1
| #define HAVE_SYS_TIME_H 1
| #define HAVE_SYSLOG_H 1
| #define HAVE_UNISTD_H 1
| /* end confdefs.h.  */
| #include <stdio.h>
| #ifdef HAVE_SYS_TYPES_H
| # include <sys/types.h>
| #endif
| #ifdef HAVE_SYS_STAT_H
| # include <sys/stat.h>
| #endif
| #ifdef STDC_HEADERS
| # include <stdlib.h>
| # include <stddef.h>
| #else
| # ifdef HAVE_STDLIB_H
| #  include <stdlib.h>
| # endif
| #endif
| #ifdef HAVE_STRING_H
| # if !defined STDC_HEADERS && defined HAVE_MEMORY_H
| #  include <memory.h>
| # endif
| # include <string.h>
| #endif
| #ifdef HAVE_STRINGS_H
| # include <strings.h>
| #endif
| #ifdef HAVE_INTTYPES_H
| # include <inttypes.h>
| #endif
| #ifdef HAVE_STDINT_H
| # include <stdint.h>
| #endif
| #ifdef HAVE_UNISTD_H
| # include <unistd.h>
| #endif
| int
| main ()
| {
| if (sizeof ((mode_t)))
| 	    return 0;
|   ;
|   return 0;
| }
configure:4329: result: yes
configure:4340: checking for pid_t
configure:4340: gcc -c   conftest.c >&5
configure:4340: $? = 0
configure:4340: gcc -c   conftest.c >&5
conftest.c: In function 'main':
conftest.c:71: error: expected expression before ')' token
configure:4340: $? = 1
configure: failed program was:
| /* confdefs.h */
| #define PACKAGE_NAME "turnserver"
| #define PACKAGE_TARNAME "turnserver"
| #define PACKAGE_VERSION "0.4"
| #define PACKAGE_STRING "turnserver 0.4"
| #define PACKAGE_BUGREPORT "http://www.turnserver.org/"
| #define PACKAGE_URL ""
| #define HAVE_LIBRT 1
| #define HAVE_LIBSSL 1
| #define HAVE_LIBCONFUSE 1
| #define STDC_HEADERS 1
| #define HAVE_SYS_TYPES_H 1
| #define HAVE_SYS_STAT_H 1
| #define HAVE_STDLIB_H 1
| #define HAVE_STRING_H 1
| #define HAVE_MEMORY_H 1
| #define HAVE_STRINGS_H 1
| #define HAVE_INTTYPES_H 1
| #define HAVE_STDINT_H 1
| #define HAVE_UNISTD_H 1
| #define HAVE_ARPA_INET_H 1
| #define HAVE_FCNTL_H 1
| #define HAVE_LIMITS_H 1
| #define HAVE_NETDB_H 1
| #define HAVE_NETINET_IN_H 1
| #define HAVE_STDDEF_H 1
| #define HAVE_STDINT_H 1
| #define HAVE_STDLIB_H 1
| #define HAVE_STRING_H 1
| #define HAVE_SYS_SOCKET_H 1
| #define HAVE_SYS_TIME_H 1
| #define HAVE_SYSLOG_H 1
| #define HAVE_UNISTD_H 1
| /* end confdefs.h.  */
| #include <stdio.h>
| #ifdef HAVE_SYS_TYPES_H
| # include <sys/types.h>
| #endif
| #ifdef HAVE_SYS_STAT_H
| # include <sys/stat.h>
| #endif
| #ifdef STDC_HEADERS
| # include <stdlib.h>
| # include <stddef.h>
| #else
| # ifdef HAVE_STDLIB_H
| #  include <stdlib.h>
| # endif
| #endif
| #ifdef HAVE_STRING_H
| # if !defined STDC_HEADERS && defined HAVE_MEMORY_H
| #  include <memory.h>
| # endif
| # include <string.h>
| #endif
| #ifdef HAVE_STRINGS_H
| # include <strings.h>
| #endif
| #ifdef HAVE_INTTYPES_H
| # include <inttypes.h>
| #endif
| #ifdef HAVE_STDINT_H
| # include <stdint.h>
| #endif
| #ifdef HAVE_UNISTD_H
| # include <unistd.h>
| #endif
| int
| main ()
| {
| if (sizeof ((pid_t)))
| 	    return 0;
|   ;
|   return 0;
| }
configure:4340: result: yes
configure:4351: checking for size_t
configure:4351: gcc -c   conftest.c >&5
configure:4351: $? = 0
configure:4351: gcc -c   conftest.c >&5
conftest.c: In function 'main':
conftest.c:71: error: expected expression before ')' token
configure:4351: $? = 1
configure: failed program was:
| /* confdefs.h */
| #define PACKAGE_NAME "turnserver"
| #define PACKAGE_TARNAME "turnserver"
| #define PACKAGE_VERSION "0.4"
| #define PACKAGE_STRING "turnserver 0.4"
| #define PACKAGE_BUGREPORT "http://www.turnserver.org/"
| #define PACKAGE_URL ""
| #define HAVE_LIBRT 1
| #define HAVE_LIBSSL 1
| #define HAVE_LIBCONFUSE 1
| #define STDC_HEADERS 1
| #define HAVE_SYS_TYPES_H 1
| #define HAVE_SYS_STAT_H 1
| #define HAVE_STDLIB_H 1
| #define HAVE_STRING_H 1
| #define HAVE_MEMORY_H 1
| #define HAVE_STRINGS_H 1
| #define HAVE_INTTYPES_H 1
| #define HAVE_STDINT_H 1
| #define HAVE_UNISTD_H 1
| #define HAVE_ARPA_INET_H 1
| #define HAVE_FCNTL_H 1
| #define HAVE_LIMITS_H 1
| #define HAVE_NETDB_H 1
| #define HAVE_NETINET_IN_H 1
| #define HAVE_STDDEF_H 1
| #define HAVE_STDINT_H 1
| #define HAVE_STDLIB_H 1
| #define HAVE_STRING_H 1
| #define HAVE_SYS_SOCKET_H 1
| #define HAVE_SYS_TIME_H 1
| #define HAVE_SYSLOG_H 1
| #define HAVE_UNISTD_H 1
| /* end confdefs.h.  */
| #include <stdio.h>
| #ifdef HAVE_SYS_TYPES_H
| # include <sys/types.h>
| #endif
| #ifdef HAVE_SYS_STAT_H
| # include <sys/stat.h>
| #endif
| #ifdef STDC_HEADERS
| # include <stdlib.h>
| # include <stddef.h>
| #else
| # ifdef HAVE_STDLIB_H
| #  include <stdlib.h>
| # endif
| #endif
| #ifdef HAVE_STRING_H
| # if !defined STDC_HEADERS && defined HAVE_MEMORY_H
| #  include <memory.h>
| # endif
| # include <string.h>
| #endif
| #ifdef HAVE_STRINGS_H
| # include <strings.h>
| #endif
| #ifdef HAVE_INTTYPES_H
| # include <inttypes.h>
| #endif
| #ifdef HAVE_STDINT_H
| # include <stdint.h>
| #endif
| #ifdef HAVE_UNISTD_H
| # include <unistd.h>
| #endif
| int
| main ()
| {
| if (sizeof ((size_t)))
| 	    return 0;
|   ;
|   return 0;
| }
configure:4351: result: yes
configure:4362: checking for ssize_t
configure:4362: gcc -c   conftest.c >&5
configure:4362: $? = 0
configure:4362: gcc -c   conftest.c >&5
conftest.c: In function 'main':
conftest.c:71: error: expected expression before ')' token
configure:4362: $? = 1
configure: failed program was:
| /* confdefs.h */
| #define PACKAGE_NAME "turnserver"
| #define PACKAGE_TARNAME "turnserver"
| #define PACKAGE_VERSION "0.4"
| #define PACKAGE_STRING "turnserver 0.4"
| #define PACKAGE_BUGREPORT "http://www.turnserver.org/"
| #define PACKAGE_URL ""
| #define HAVE_LIBRT 1
| #define HAVE_LIBSSL 1
| #define HAVE_LIBCONFUSE 1
| #define STDC_HEADERS 1
| #define HAVE_SYS_TYPES_H 1
| #define HAVE_SYS_STAT_H 1
| #define HAVE_STDLIB_H 1
| #define HAVE_STRING_H 1
| #define HAVE_MEMORY_H 1
| #define HAVE_STRINGS_H 1
| #define HAVE_INTTYPES_H 1
| #define HAVE_STDINT_H 1
| #define HAVE_UNISTD_H 1
| #define HAVE_ARPA_INET_H 1
| #define HAVE_FCNTL_H 1
| #define HAVE_LIMITS_H 1
| #define HAVE_NETDB_H 1
| #define HAVE_NETINET_IN_H 1
| #define HAVE_STDDEF_H 1
| #define HAVE_STDINT_H 1
| #define HAVE_STDLIB_H 1
| #define HAVE_STRING_H 1
| #define HAVE_SYS_SOCKET_H 1
| #define HAVE_SYS_TIME_H 1
| #define HAVE_SYSLOG_H 1
| #define HAVE_UNISTD_H 1
| /* end confdefs.h.  */
| #include <stdio.h>
| #ifdef HAVE_SYS_TYPES_H
| # include <sys/types.h>
| #endif
| #ifdef HAVE_SYS_STAT_H
| # include <sys/stat.h>
| #endif
| #ifdef STDC_HEADERS
| # include <stdlib.h>
| # include <stddef.h>
| #else
| # ifdef HAVE_STDLIB_H
| #  include <stdlib.h>
| # endif
| #endif
| #ifdef HAVE_STRING_H
| # if !defined STDC_HEADERS && defined HAVE_MEMORY_H
| #  include <memory.h>
| # endif
| # include <string.h>
| #endif
| #ifdef HAVE_STRINGS_H
| # include <strings.h>
| #endif
| #ifdef HAVE_INTTYPES_H
| # include <inttypes.h>
| #endif
| #ifdef HAVE_STDINT_H
| # include <stdint.h>
| #endif
| #ifdef HAVE_UNISTD_H
| # include <unistd.h>
| #endif
| int
| main ()
| {
| if (sizeof ((ssize_t)))
| 	    return 0;
|   ;
|   return 0;
| }
configure:4362: result: yes
configure:4373: checking whether time.h and sys/time.h may both be included
configure:4393: gcc -c   conftest.c >&5
configure:4393: $? = 0
configure:4400: result: yes
configure:4408: checking whether struct tm is in sys/time.h or time.h
configure:4428: gcc -c   conftest.c >&5
configure:4428: $? = 0
configure:4435: result: time.h
configure:4443: checking for uint16_t
configure:4443: gcc -c   conftest.c >&5
configure:4443: $? = 0
configure:4443: result: yes
configure:4455: checking for uint32_t
configure:4455: gcc -c   conftest.c >&5
configure:4455: $? = 0
configure:4455: result: yes
configure:4469: checking for uint64_t
configure:4469: gcc -c   conftest.c >&5
configure:4469: $? = 0
configure:4469: result: yes
configure:4483: checking for uint8_t
configure:4483: gcc -c   conftest.c >&5
configure:4483: $? = 0
configure:4483: result: yes
configure:4497: checking for working volatile
configure:4516: gcc -c   conftest.c >&5
configure:4516: $? = 0
configure:4523: result: yes
configure:4640: checking for doxygen
configure:4673: result: no
configure:4693: WARNING: doxygen not found - will not generate any doxygen documentation
configure:4746: checking for perl
configure:4764: found /usr/bin/perl
configure:4776: result: /usr/bin/perl
configure:6498: checking for a BSD-compatible install
configure:6566: result: /usr/bin/install -c
configure:6577: checking whether build environment is sane
configure:6627: result: yes
configure:6652: WARNING: `missing' script is too old or missing
configure:6765: checking for a thread-safe mkdir -p
configure:6804: result: /bin/mkdir -p
configure:6817: checking for gawk
configure:6833: found /usr/bin/gawk
configure:6844: result: gawk
configure:6855: checking whether make sets $(MAKE)
configure:6877: result: yes
configure:6907: checking for style of include used by make
configure:6935: result: GNU
configure:7020: checking dependency style of gcc
configure:7130: result: gcc3
configure:7150: checking vfork.h usability
configure:7150: gcc -c   conftest.c >&5
conftest.c:71:19: error: vfork.h: No such file or directory
configure:7150: $? = 1
configure: failed program was:
| /* confdefs.h */
| #define PACKAGE_NAME "turnserver"
| #define PACKAGE_TARNAME "turnserver"
| #define PACKAGE_VERSION "0.4"
| #define PACKAGE_STRING "turnserver 0.4"
| #define PACKAGE_BUGREPORT "http://www.turnserver.org/"
| #define PACKAGE_URL ""
| #define HAVE_LIBRT 1
| #define HAVE_LIBSSL 1
| #define HAVE_LIBCONFUSE 1
| #define STDC_HEADERS 1
| #define HAVE_SYS_TYPES_H 1
| #define HAVE_SYS_STAT_H 1
| #define HAVE_STDLIB_H 1
| #define HAVE_STRING_H 1
| #define HAVE_MEMORY_H 1
| #define HAVE_STRINGS_H 1
| #define HAVE_INTTYPES_H 1
| #define HAVE_STDINT_H 1
| #define HAVE_UNISTD_H 1
| #define HAVE_ARPA_INET_H 1
| #define HAVE_FCNTL_H 1
| #define HAVE_LIMITS_H 1
| #define HAVE_NETDB_H 1
| #define HAVE_NETINET_IN_H 1
| #define HAVE_STDDEF_H 1
| #define HAVE_STDINT_H 1
| #define HAVE_STDLIB_H 1
| #define HAVE_STRING_H 1
| #define HAVE_SYS_SOCKET_H 1
| #define HAVE_SYS_TIME_H 1
| #define HAVE_SYSLOG_H 1
| #define HAVE_UNISTD_H 1
| #define TIME_WITH_SYS_TIME 1
| #define PACKAGE "turnserver"
| #define VERSION "0.4"
| /* end confdefs.h.  */
| #include <stdio.h>
| #ifdef HAVE_SYS_TYPES_H
| # include <sys/types.h>
| #endif
| #ifdef HAVE_SYS_STAT_H
| # include <sys/stat.h>
| #endif
| #ifdef STDC_HEADERS
| # include <stdlib.h>
| # include <stddef.h>
| #else
| # ifdef HAVE_STDLIB_H
| #  include <stdlib.h>
| # endif
| #endif
| #ifdef HAVE_STRING_H
| # if !defined STDC_HEADERS && defined HAVE_MEMORY_H
| #  include <memory.h>
| # endif
| # include <string.h>
| #endif
| #ifdef HAVE_STRINGS_H
| # include <strings.h>
| #endif
| #ifdef HAVE_INTTYPES_H
| # include <inttypes.h>
| #endif
| #ifdef HAVE_STDINT_H
| # include <stdint.h>
| #endif
| #ifdef HAVE_UNISTD_H
| # include <unistd.h>
| #endif
| #include <vfork.h>
configure:7150: result: no
configure:7150: checking vfork.h presence
configure:7150: gcc -E  conftest.c
conftest.c:38:19: error: vfork.h: No such file or directory
configure:7150: $? = 1
configure: failed program was:
| /* confdefs.h */
| #define PACKAGE_NAME "turnserver"
| #define PACKAGE_TARNAME "turnserver"
| #define PACKAGE_VERSION "0.4"
| #define PACKAGE_STRING "turnserver 0.4"
| #define PACKAGE_BUGREPORT "http://www.turnserver.org/"
| #define PACKAGE_URL ""
| #define HAVE_LIBRT 1
| #define HAVE_LIBSSL 1
| #define HAVE_LIBCONFUSE 1
| #define STDC_HEADERS 1
| #define HAVE_SYS_TYPES_H 1
| #define HAVE_SYS_STAT_H 1
| #define HAVE_STDLIB_H 1
| #define HAVE_STRING_H 1
| #define HAVE_MEMORY_H 1
| #define HAVE_STRINGS_H 1
| #define HAVE_INTTYPES_H 1
| #define HAVE_STDINT_H 1
| #define HAVE_UNISTD_H 1
| #define HAVE_ARPA_INET_H 1
| #define HAVE_FCNTL_H 1
| #define HAVE_LIMITS_H 1
| #define HAVE_NETDB_H 1
| #define HAVE_NETINET_IN_H 1
| #define HAVE_STDDEF_H 1
| #define HAVE_STDINT_H 1
| #define HAVE_STDLIB_H 1
| #define HAVE_STRING_H 1
| #define HAVE_SYS_SOCKET_H 1
| #define HAVE_SYS_TIME_H 1
| #define HAVE_SYSLOG_H 1
| #define HAVE_UNISTD_H 1
| #define TIME_WITH_SYS_TIME 1
| #define PACKAGE "turnserver"
| #define VERSION "0.4"
| /* end confdefs.h.  */
| #include <vfork.h>
configure:7150: result: no
configure:7150: checking for vfork.h
configure:7150: result: no
configure:7163: checking for fork
configure:7163: gcc -o conftest    conftest.c -lconfuse -lssl -lrt  >&5
conftest.c:61: warning: conflicting types for built-in function 'fork'
configure:7163: $? = 0
configure:7163: result: yes
configure:7163: checking for vfork
configure:7163: gcc -o conftest    conftest.c -lconfuse -lssl -lrt  >&5
configure:7163: $? = 0
configure:7163: result: yes
configure:7174: checking for working fork
configure:7196: gcc -o conftest    conftest.c -lconfuse -lssl -lrt  >&5
configure:7196: $? = 0
configure:7196: ./conftest
configure:7196: $? = 0
configure:7206: result: yes
configure:7227: checking for working vfork
configure:7337: result: yes
configure:7364: checking for stdlib.h
configure:7364: result: yes
configure:7374: checking for GNU libc compatible malloc
configure:7398: gcc -o conftest    conftest.c -lconfuse -lssl -lrt  >&5
configure:7398: $? = 0
configure:7398: ./conftest
configure:7398: $? = 0
configure:7408: result: yes
configure:7429: checking for working memcmp
configure:7472: gcc -o conftest    conftest.c -lconfuse -lssl -lrt  >&5
configure:7472: $? = 0
configure:7472: ./conftest
configure:7472: $? = 0
configure:7482: result: yes
configure:7494: checking sys/select.h usability
configure:7494: gcc -c   conftest.c >&5
configure:7494: $? = 0
configure:7494: result: yes
configure:7494: checking sys/select.h presence
configure:7494: gcc -E  conftest.c
configure:7494: $? = 0
configure:7494: result: yes
configure:7494: checking for sys/select.h
configure:7494: result: yes
configure:7494: checking for sys/socket.h
configure:7494: result: yes
configure:7505: checking types of arguments for select
configure:7533: gcc -c   conftest.c >&5
configure:7533: $? = 0
configure:7544: result: int,fd_set *,struct timeval *
configure:7567: checking return type of signal handlers
configure:7585: gcc -c   conftest.c >&5
conftest.c: In function 'main':
conftest.c:55: error: void value not ignored as it ought to be
configure:7585: $? = 1
configure: failed program was:
| /* confdefs.h */
| #define PACKAGE_NAME "turnserver"
| #define PACKAGE_TARNAME "turnserver"
| #define PACKAGE_VERSION "0.4"
| #define PACKAGE_STRING "turnserver 0.4"
| #define PACKAGE_BUGREPORT "http://www.turnserver.org/"
| #define PACKAGE_URL ""
| #define HAVE_LIBRT 1
| #define HAVE_LIBSSL 1
| #define HAVE_LIBCONFUSE 1
| #define STDC_HEADERS 1
| #define HAVE_SYS_TYPES_H 1
| #define HAVE_SYS_STAT_H 1
| #define HAVE_STDLIB_H 1
| #define HAVE_STRING_H 1
| #define HAVE_MEMORY_H 1
| #define HAVE_STRINGS_H 1
| #define HAVE_INTTYPES_H 1
| #define HAVE_STDINT_H 1
| #define HAVE_UNISTD_H 1
| #define HAVE_ARPA_INET_H 1
| #define HAVE_FCNTL_H 1
| #define HAVE_LIMITS_H 1
| #define HAVE_NETDB_H 1
| #define HAVE_NETINET_IN_H 1
| #define HAVE_STDDEF_H 1
| #define HAVE_STDINT_H 1
| #define HAVE_STDLIB_H 1
| #define HAVE_STRING_H 1
| #define HAVE_SYS_SOCKET_H 1
| #define HAVE_SYS_TIME_H 1
| #define HAVE_SYSLOG_H 1
| #define HAVE_UNISTD_H 1
| #define TIME_WITH_SYS_TIME 1
| #define PACKAGE "turnserver"
| #define VERSION "0.4"
| #define HAVE_FORK 1
| #define HAVE_VFORK 1
| #define HAVE_WORKING_VFORK 1
| #define HAVE_WORKING_FORK 1
| #define HAVE_STDLIB_H 1
| #define HAVE_MALLOC 1
| #define HAVE_SYS_SELECT_H 1
| #define HAVE_SYS_SOCKET_H 1
| #define SELECT_TYPE_ARG1 int
| #define SELECT_TYPE_ARG234 (fd_set *)
| #define SELECT_TYPE_ARG5 (struct timeval *)
| /* end confdefs.h.  */
| #include <sys/types.h>
| #include <signal.h>
| 
| int
| main ()
| {
| return *(signal (0, 0)) (0) == 1;
|   ;
|   return 0;
| }
configure:7592: result: void
configure:7600: checking whether strerror_r is declared
configure:7600: gcc -c   conftest.c >&5
configure:7600: $? = 0
configure:7600: result: yes
configure:7613: checking for strerror_r
configure:7613: gcc -o conftest    conftest.c -lconfuse -lssl -lrt  >&5
configure:7613: $? = 0
configure:7613: result: yes
configure:7622: checking whether strerror_r returns char *
configure:7646: gcc -c   conftest.c >&5
conftest.c: In function 'main':
conftest.c:90: error: invalid type argument of 'unary *' (have 'int')
conftest.c:91: warning: initialization makes pointer from integer without a cast
configure:7646: $? = 1
configure: failed program was:
| /* confdefs.h */
| #define PACKAGE_NAME "turnserver"
| #define PACKAGE_TARNAME "turnserver"
| #define PACKAGE_VERSION "0.4"
| #define PACKAGE_STRING "turnserver 0.4"
| #define PACKAGE_BUGREPORT "http://www.turnserver.org/"
| #define PACKAGE_URL ""
| #define HAVE_LIBRT 1
| #define HAVE_LIBSSL 1
| #define HAVE_LIBCONFUSE 1
| #define STDC_HEADERS 1
| #define HAVE_SYS_TYPES_H 1
| #define HAVE_SYS_STAT_H 1
| #define HAVE_STDLIB_H 1
| #define HAVE_STRING_H 1
| #define HAVE_MEMORY_H 1
| #define HAVE_STRINGS_H 1
| #define HAVE_INTTYPES_H 1
| #define HAVE_STDINT_H 1
| #define HAVE_UNISTD_H 1
| #define HAVE_ARPA_INET_H 1
| #define HAVE_FCNTL_H 1
| #define HAVE_LIMITS_H 1
| #define HAVE_NETDB_H 1
| #define HAVE_NETINET_IN_H 1
| #define HAVE_STDDEF_H 1
| #define HAVE_STDINT_H 1
| #define HAVE_STDLIB_H 1
| #define HAVE_STRING_H 1
| #define HAVE_SYS_SOCKET_H 1
| #define HAVE_SYS_TIME_H 1
| #define HAVE_SYSLOG_H 1
| #define HAVE_UNISTD_H 1
| #define TIME_WITH_SYS_TIME 1
| #define PACKAGE "turnserver"
| #define VERSION "0.4"
| #define HAVE_FORK 1
| #define HAVE_VFORK 1
| #define HAVE_WORKING_VFORK 1
| #define HAVE_WORKING_FORK 1
| #define HAVE_STDLIB_H 1
| #define HAVE_MALLOC 1
| #define HAVE_SYS_SELECT_H 1
| #define HAVE_SYS_SOCKET_H 1
| #define SELECT_TYPE_ARG1 int
| #define SELECT_TYPE_ARG234 (fd_set *)
| #define SELECT_TYPE_ARG5 (struct timeval *)
| #define RETSIGTYPE void
| #define HAVE_DECL_STRERROR_R 1
| #define HAVE_STRERROR_R 1
| /* end confdefs.h.  */
| #include <stdio.h>
| #ifdef HAVE_SYS_TYPES_H
| # include <sys/types.h>
| #endif
| #ifdef HAVE_SYS_STAT_H
| # include <sys/stat.h>
| #endif
| #ifdef STDC_HEADERS
| # include <stdlib.h>
| # include <stddef.h>
| #else
| # ifdef HAVE_STDLIB_H
| #  include <stdlib.h>
| # endif
| #endif
| #ifdef HAVE_STRING_H
| # if !defined STDC_HEADERS && defined HAVE_MEMORY_H
| #  include <memory.h>
| # endif
| # include <string.h>
| #endif
| #ifdef HAVE_STRINGS_H
| # include <strings.h>
| #endif
| #ifdef HAVE_INTTYPES_H
| # include <inttypes.h>
| #endif
| #ifdef HAVE_STDINT_H
| # include <stdint.h>
| #endif
| #ifdef HAVE_UNISTD_H
| # include <unistd.h>
| #endif
| int
| main ()
| {
| 
| 	  char buf[100];
| 	  char x = *strerror_r (0, buf, sizeof buf);
| 	  char *p = strerror_r (0, buf, sizeof buf);
| 	  return !p || x;
| 
|   ;
|   return 0;
| }
configure:7684: result: no
configure:7694: checking for vprintf
configure:7694: gcc -o conftest    conftest.c -lconfuse -lssl -lrt  >&5
conftest.c:75: warning: conflicting types for built-in function 'vprintf'
configure:7694: $? = 0
configure:7694: result: yes
configure:7700: checking for _doprnt
configure:7700: gcc -o conftest    conftest.c -lconfuse -lssl -lrt  >&5
/tmp/cckLwNij.o: In function `main':
conftest.c:(.text+0x7): undefined reference to `_doprnt'
collect2: ld returned 1 exit status
configure:7700: $? = 1
configure: failed program was:
| /* confdefs.h */
| #define PACKAGE_NAME "turnserver"
| #define PACKAGE_TARNAME "turnserver"
| #define PACKAGE_VERSION "0.4"
| #define PACKAGE_STRING "turnserver 0.4"
| #define PACKAGE_BUGREPORT "http://www.turnserver.org/"
| #define PACKAGE_URL ""
| #define HAVE_LIBRT 1
| #define HAVE_LIBSSL 1
| #define HAVE_LIBCONFUSE 1
| #define STDC_HEADERS 1
| #define HAVE_SYS_TYPES_H 1
| #define HAVE_SYS_STAT_H 1
| #define HAVE_STDLIB_H 1
| #define HAVE_STRING_H 1
| #define HAVE_MEMORY_H 1
| #define HAVE_STRINGS_H 1
| #define HAVE_INTTYPES_H 1
| #define HAVE_STDINT_H 1
| #define HAVE_UNISTD_H 1
| #define HAVE_ARPA_INET_H 1
| #define HAVE_FCNTL_H 1
| #define HAVE_LIMITS_H 1
| #define HAVE_NETDB_H 1
| #define HAVE_NETINET_IN_H 1
| #define HAVE_STDDEF_H 1
| #define HAVE_STDINT_H 1
| #define HAVE_STDLIB_H 1
| #define HAVE_STRING_H 1
| #define HAVE_SYS_SOCKET_H 1
| #define HAVE_SYS_TIME_H 1
| #define HAVE_SYSLOG_H 1
| #define HAVE_UNISTD_H 1
| #define TIME_WITH_SYS_TIME 1
| #define PACKAGE "turnserver"
| #define VERSION "0.4"
| #define HAVE_FORK 1
| #define HAVE_VFORK 1
| #define HAVE_WORKING_VFORK 1
| #define HAVE_WORKING_FORK 1
| #define HAVE_STDLIB_H 1
| #define HAVE_MALLOC 1
| #define HAVE_SYS_SELECT_H 1
| #define HAVE_SYS_SOCKET_H 1
| #define SELECT_TYPE_ARG1 int
| #define SELECT_TYPE_ARG234 (fd_set *)
| #define SELECT_TYPE_ARG5 (struct timeval *)
| #define RETSIGTYPE void
| #define HAVE_DECL_STRERROR_R 1
| #define HAVE_STRERROR_R 1
| #define HAVE_VPRINTF 1
| /* end confdefs.h.  */
| /* Define _doprnt to an innocuous variant, in case <limits.h> declares _doprnt.
|    For example, HP-UX 11i <limits.h> declares gettimeofday.  */
| #define _doprnt innocuous__doprnt
| 
| /* System header to define __stub macros and hopefully few prototypes,
|     which can conflict with char _doprnt (); below.
|     Prefer <limits.h> to <assert.h> if __STDC__ is defined, since
|     <limits.h> exists even on freestanding compilers.  */
| 
| #ifdef __STDC__
| # include <limits.h>
| #else
| # include <assert.h>
| #endif
| 
| #undef _doprnt
| 
| /* Override any GCC internal prototype to avoid an error.
|    Use char because int might match the return type of a GCC
|    builtin and then its argument prototype would still apply.  */
| #ifdef __cplusplus
| extern "C"
| #endif
| char _doprnt ();
| /* The GNU C library defines this for functions which it implements
|     to always fail with ENOSYS.  Some functions are actually named
|     something starting with __ and the normal name is an alias.  */
| #if defined __stub__doprnt || defined __stub____doprnt
| choke me
| #endif
| 
| int
| main ()
| {
| return _doprnt ();
|   ;
|   return 0;
| }
configure:7700: result: no
configure:7714: checking for dup2
configure:7714: gcc -o conftest    conftest.c -lconfuse -lssl -lrt  >&5
configure:7714: $? = 0
configure:7714: result: yes
configure:7714: checking for gettimeofday
configure:7714: gcc -o conftest    conftest.c -lconfuse -lssl -lrt  >&5
configure:7714: $? = 0
configure:7714: result: yes
configure:7714: checking for memset
configure:7714: gcc -o conftest    conftest.c -lconfuse -lssl -lrt  >&5
conftest.c:78: warning: conflicting types for built-in function 'memset'
configure:7714: $? = 0
configure:7714: result: yes
configure:7714: checking for select
configure:7714: gcc -o conftest    conftest.c -lconfuse -lssl -lrt  >&5
configure:7714: $? = 0
configure:7714: result: yes
configure:7714: checking for pselect
configure:7714: gcc -o conftest    conftest.c -lconfuse -lssl -lrt  >&5
configure:7714: $? = 0
configure:7714: result: yes
configure:7714: checking for socket
configure:7714: gcc -o conftest    conftest.c -lconfuse -lssl -lrt  >&5
configure:7714: $? = 0
configure:7714: result: yes
configure:7714: checking for strchr
configure:7714: gcc -o conftest    conftest.c -lconfuse -lssl -lrt  >&5
conftest.c:82: warning: conflicting types for built-in function 'strchr'
configure:7714: $? = 0
configure:7714: result: yes
configure:7714: checking for strdup
configure:7714: gcc -o conftest    conftest.c -lconfuse -lssl -lrt  >&5
conftest.c:83: warning: conflicting types for built-in function 'strdup'
configure:7714: $? = 0
configure:7714: result: yes
configure:7714: checking for strerror
configure:7714: gcc -o conftest    conftest.c -lconfuse -lssl -lrt  >&5
configure:7714: $? = 0
configure:7714: result: yes
configure:7714: checking for sigaction
configure:7714: gcc -o conftest    conftest.c -lconfuse -lssl -lrt  >&5
configure:7714: $? = 0
configure:7714: result: yes
configure:7714: checking for signal
configure:7714: gcc -o conftest    conftest.c -lconfuse -lssl -lrt  >&5
configure:7714: $? = 0
configure:7714: result: yes
configure:7995: creating ./config.status

## ---------------------- ##
## Running config.status. ##
## ---------------------- ##

This file was extended by turnserver config.status 0.4, which was
generated by GNU Autoconf 2.65.  Invocation command line was

  CONFIG_FILES    = 
  CONFIG_HEADERS  = 
  CONFIG_LINKS    = 
  CONFIG_COMMANDS = 
  $ ./config.status 

on mymed12

config.status:950: creating Makefile
config.status:950: creating src/Makefile
config.status:950: creating man/Makefile
config.status:950: creating test/Makefile
config.status:950: creating config.h
config.status:1170: executing depfiles commands
configure:9317: Configuration

turnserver version 0.4
  Enable debug build: .............. no
  User-defined FD_SETSIZE: ......... no
  User-defined XOR_PEER_ADDRESS_MAX: 5


## ---------------- ##
## Cache variables. ##
## ---------------- ##

ac_cv_c_compiler_gnu=yes
ac_cv_c_const=yes
ac_cv_c_inline=inline
ac_cv_c_int16_t=yes
ac_cv_c_int32_t=yes
ac_cv_c_int64_t=yes
ac_cv_c_int8_t=yes
ac_cv_c_uint16_t=yes
ac_cv_c_uint32_t=yes
ac_cv_c_uint64_t=yes
ac_cv_c_uint8_t=yes
ac_cv_c_volatile=yes
ac_cv_env_CC_set=
ac_cv_env_CC_value=
ac_cv_env_CFLAGS_set=
ac_cv_env_CFLAGS_value=
ac_cv_env_CHECK_CFLAGS_set=
ac_cv_env_CHECK_CFLAGS_value=
ac_cv_env_CHECK_LIBS_set=
ac_cv_env_CHECK_LIBS_value=
ac_cv_env_CPPFLAGS_set=
ac_cv_env_CPPFLAGS_value=
ac_cv_env_CPP_set=
ac_cv_env_CPP_value=
ac_cv_env_DOXYGEN_PAPER_SIZE_set=
ac_cv_env_DOXYGEN_PAPER_SIZE_value=
ac_cv_env_LDFLAGS_set=
ac_cv_env_LDFLAGS_value=
ac_cv_env_LIBS_set=
ac_cv_env_LIBS_value=
ac_cv_env_PKG_CONFIG_set=
ac_cv_env_PKG_CONFIG_value=
ac_cv_env_build_alias_set=
ac_cv_env_build_alias_value=
ac_cv_env_host_alias_set=
ac_cv_env_host_alias_value=
ac_cv_env_target_alias_set=
ac_cv_env_target_alias_value=
ac_cv_func__doprnt=no
ac_cv_func_dup2=yes
ac_cv_func_fork=yes
ac_cv_func_fork_works=yes
ac_cv_func_gettimeofday=yes
ac_cv_func_malloc_0_nonnull=yes
ac_cv_func_memcmp_working=yes
ac_cv_func_memset=yes
ac_cv_func_pselect=yes
ac_cv_func_select=yes
ac_cv_func_select_args='int,fd_set *,struct timeval *'
ac_cv_func_sigaction=yes
ac_cv_func_signal=yes
ac_cv_func_socket=yes
ac_cv_func_strchr=yes
ac_cv_func_strdup=yes
ac_cv_func_strerror=yes
ac_cv_func_strerror_r=yes
ac_cv_func_strerror_r_char_p=no
ac_cv_func_vfork=yes
ac_cv_func_vfork_works=yes
ac_cv_func_vprintf=yes
ac_cv_have_decl_strerror_r=yes
ac_cv_header_arpa_inet_h=yes
ac_cv_header_fcntl_h=yes
ac_cv_header_inttypes_h=yes
ac_cv_header_limits_h=yes
ac_cv_header_memory_h=yes
ac_cv_header_netdb_h=yes
ac_cv_header_netinet_in_h=yes
ac_cv_header_stdc=yes
ac_cv_header_stddef_h=yes
ac_cv_header_stdint_h=yes
ac_cv_header_stdlib_h=yes
ac_cv_header_string_h=yes
ac_cv_header_strings_h=yes
ac_cv_header_sys_select_h=yes
ac_cv_header_sys_socket_h=yes
ac_cv_header_sys_stat_h=yes
ac_cv_header_sys_time_h=yes
ac_cv_header_sys_types_h=yes
ac_cv_header_syslog_h=yes
ac_cv_header_time=yes
ac_cv_header_unistd_h=yes
ac_cv_header_vfork_h=no
ac_cv_lib_confuse_cfg_init=yes
ac_cv_lib_rt_timer_create=yes
ac_cv_lib_ssl_SSL_new=yes
ac_cv_objext=o
ac_cv_path_EGREP='/bin/grep -E'
ac_cv_path_GREP=/bin/grep
ac_cv_path_ac_pt_DX_PERL=/usr/bin/perl
ac_cv_path_install='/usr/bin/install -c'
ac_cv_path_mkdir=/bin/mkdir
ac_cv_prog_AWK=gawk
ac_cv_prog_CPP='gcc -E'
ac_cv_prog_SED=sed
ac_cv_prog_ac_ct_CC=gcc
ac_cv_prog_cc_c89=
ac_cv_prog_cc_g=yes
ac_cv_prog_cc_gcc_c_o=yes
ac_cv_prog_make_make_set=yes
ac_cv_struct_tm=time.h
ac_cv_type_mode_t=yes
ac_cv_type_pid_t=yes
ac_cv_type_signal=void
ac_cv_type_size_t=yes
ac_cv_type_ssize_t=yes
ac_cv_type_uid_t=yes
am_cv_CC_dependencies_compiler_type=gcc3

## ----------------- ##
## Output variables. ##
## ----------------- ##

ACLOCAL='aclocal-1.11'
AMDEPBACKSLASH='\'
AMDEP_FALSE='#'
AMDEP_TRUE=''
AMTAR='tar'
AUTOCONF='autoconf'
AUTOHEADER='autoheader'
AUTOMAKE='automake-1.11'
AWK='gawk'
CC='gcc'
CCDEPMODE='depmode=gcc3'
CFLAGS=''
CHECK_CFLAGS=''
CHECK_LIBS=''
CPP='gcc -E'
CPPFLAGS=''
CYGPATH_W='echo'
DEFS='-DHAVE_CONFIG_H'
DEPDIR='.deps'
DOXYGEN_PAPER_SIZE=''
DX_COND_chi_FALSE=''
DX_COND_chi_TRUE='#'
DX_COND_chm_FALSE=''
DX_COND_chm_TRUE='#'
DX_COND_doc_FALSE=''
DX_COND_doc_TRUE='#'
DX_COND_dot_FALSE=''
DX_COND_dot_TRUE='#'
DX_COND_html_FALSE=''
DX_COND_html_TRUE='#'
DX_COND_latex_FALSE=''
DX_COND_latex_TRUE='#'
DX_COND_man_FALSE=''
DX_COND_man_TRUE='#'
DX_COND_pdf_FALSE=''
DX_COND_pdf_TRUE='#'
DX_COND_ps_FALSE=''
DX_COND_ps_TRUE='#'
DX_COND_rtf_FALSE=''
DX_COND_rtf_TRUE='#'
DX_COND_xml_FALSE=''
DX_COND_xml_TRUE='#'
DX_CONFIG='Doxyfile'
DX_DOCDIR='doc/html'
DX_DOT=''
DX_DOXYGEN=''
DX_DVIPS=''
DX_EGREP=''
DX_ENV=' SRCDIR='\''.'\'' PROJECT='\''turnserver'\'' DOCDIR='\''doc/html'\'' VERSION='\''0.4'\'' HAVE_DOT='\''NO'\'' GENERATE_MAN='\''NO'\'' GENERATE_RTF='\''NO'\'' GENERATE_XML='\''NO'\'' GENERATE_HTMLHELP='\''NO'\'' GENERATE_CHI='\''NO'\'' GENERATE_HTML='\''NO'\'' GENERATE_LATEX='\''NO'\'''
DX_FLAG_chi='0'
DX_FLAG_chm='0'
DX_FLAG_doc='0'
DX_FLAG_dot='0'
DX_FLAG_html='0'
DX_FLAG_man='0'
DX_FLAG_pdf='0'
DX_FLAG_ps='0'
DX_FLAG_rtf='0'
DX_FLAG_xml='0'
DX_HHC=''
DX_LATEX=''
DX_MAKEINDEX=''
DX_PDFLATEX=''
DX_PERL='/usr/bin/perl'
DX_PROJECT='turnserver'
ECHO_C=''
ECHO_N='-n'
ECHO_T=''
EGREP='/bin/grep -E'
ENABLE_DEBUG_BUILD_FALSE=''
ENABLE_DEBUG_BUILD_TRUE='#'
EXEEXT=''
GREP='/bin/grep'
INSTALL_DATA='${INSTALL} -m 644'
INSTALL_PROGRAM='${INSTALL}'
INSTALL_SCRIPT='${INSTALL}'
INSTALL_STRIP_PROGRAM='$(install_sh) -c -s'
LDFLAGS=''
LIBOBJS=''
LIBS='-lconfuse -lssl -lrt '
LTLIBOBJS=''
MAKEINFO='makeinfo'
MKDIR_P='/bin/mkdir -p'
OBJEXT='o'
PACKAGE='turnserver'
PACKAGE_BUGREPORT='http://www.turnserver.org/'
PACKAGE_NAME='turnserver'
PACKAGE_STRING='turnserver 0.4'
PACKAGE_TARNAME='turnserver'
PACKAGE_URL=''
PACKAGE_VERSION='0.4'
PATH_SEPARATOR=':'
PKG_CONFIG=''
SED='sed'
SET_MAKE=''
SHELL='/bin/bash'
STRIP=''
VERSION='0.4'
ac_ct_CC='gcc'
am__EXEEXT_FALSE=''
am__EXEEXT_TRUE='#'
am__fastdepCC_FALSE='#'
am__fastdepCC_TRUE=''
am__include='include'
am__isrc=''
am__leading_dot='.'
am__quote=''
am__tar='${AMTAR} chof - "$$tardir"'
am__untar='${AMTAR} xf -'
bindir='${exec_prefix}/bin'
build_alias=''
datadir='${datarootdir}'
datarootdir='${prefix}/share'
docdir='${datarootdir}/doc/${PACKAGE_TARNAME}'
dvidir='${docdir}'
exec_prefix='${prefix}'
host_alias=''
htmldir='${docdir}'
includedir='${prefix}/include'
infodir='${datarootdir}/info'
install_sh='${SHELL} /home/crossi/install-sh'
libdir='${exec_prefix}/lib'
libexecdir='${exec_prefix}/libexec'
localedir='${datarootdir}/locale'
localstatedir='${prefix}/var'
mandir='${datarootdir}/man'
mkdir_p='/bin/mkdir -p'
oldincludedir='/usr/include'
pdfdir='${docdir}'
prefix='/usr/local'
program_transform_name='s,x,x,'
psdir='${docdir}'
sbindir='${exec_prefix}/sbin'
sharedstatedir='${prefix}/com'
sysconfdir='${prefix}/etc'
target_alias=''

## ----------- ##
## confdefs.h. ##
## ----------- ##

/* confdefs.h */
#define PACKAGE_NAME "turnserver"
#define PACKAGE_TARNAME "turnserver"
#define PACKAGE_VERSION "0.4"
#define PACKAGE_STRING "turnserver 0.4"
#define PACKAGE_BUGREPORT "http://www.turnserver.org/"
#define PACKAGE_URL ""
#define HAVE_LIBRT 1
#define HAVE_LIBSSL 1
#define HAVE_LIBCONFUSE 1
#define STDC_HEADERS 1
#define HAVE_SYS_TYPES_H 1
#define HAVE_SYS_STAT_H 1
#define HAVE_STDLIB_H 1
#define HAVE_STRING_H 1
#define HAVE_MEMORY_H 1
#define HAVE_STRINGS_H 1
#define HAVE_INTTYPES_H 1
#define HAVE_STDINT_H 1
#define HAVE_UNISTD_H 1
#define HAVE_ARPA_INET_H 1
#define HAVE_FCNTL_H 1
#define HAVE_LIMITS_H 1
#define HAVE_NETDB_H 1
#define HAVE_NETINET_IN_H 1
#define HAVE_STDDEF_H 1
#define HAVE_STDINT_H 1
#define HAVE_STDLIB_H 1
#define HAVE_STRING_H 1
#define HAVE_SYS_SOCKET_H 1
#define HAVE_SYS_TIME_H 1
#define HAVE_SYSLOG_H 1
#define HAVE_UNISTD_H 1
#define TIME_WITH_SYS_TIME 1
#define PACKAGE "turnserver"
#define VERSION "0.4"
#define HAVE_FORK 1
#define HAVE_VFORK 1
#define HAVE_WORKING_VFORK 1
#define HAVE_WORKING_FORK 1
#define HAVE_STDLIB_H 1
#define HAVE_MALLOC 1
#define HAVE_SYS_SELECT_H 1
#define HAVE_SYS_SOCKET_H 1
#define SELECT_TYPE_ARG1 int
#define SELECT_TYPE_ARG234 (fd_set *)
#define SELECT_TYPE_ARG5 (struct timeval *)
#define RETSIGTYPE void
#define HAVE_DECL_STRERROR_R 1
#define HAVE_STRERROR_R 1
#define HAVE_VPRINTF 1
#define HAVE_DUP2 1
#define HAVE_GETTIMEOFDAY 1
#define HAVE_MEMSET 1
#define HAVE_SELECT 1
#define HAVE_PSELECT 1
#define HAVE_SOCKET 1
#define HAVE_STRCHR 1
#define HAVE_STRDUP 1
#define HAVE_STRERROR 1
#define HAVE_SIGACTION 1
#define HAVE_SIGNAL 1
#define XOR_PEER_ADDRESS_MAX 5

configure: exit 0
