<?xml version='1.0' encoding='UTF-8'?>
<hotspot_log version='160 1' process='2927' time_ms='1317296757065'>
<vm_version>
<name>
Java HotSpot(TM) Client VM
</name>
<release>
20.1-b02
</release>
<info>
Java HotSpot(TM) Client VM (20.1-b02) for linux-x86 JRE (1.6.0_26-b03), built on May  4 2011 01:23:42 by &quot;java_re&quot; with gcc 3.2.1-7a (J2SE release)
</info>
</vm_version>
<vm_arguments>
<args>
-XX:+UnlockDiagnosticVMOptions -XX:MaxPermSize=192m -XX:NewRatio=2 -XX:+LogVMOutput -XX:LogFile=/local/mymed/backend/servers/glassfishv3/glassfish/domains/domain1/logs/jvm.log -Xmx512m -javaagent:/local/mymed/backend/servers/glassfishv3/glassfish/lib/monitor/btrace-agent.jar=unsafe=true,noServer=true -Dosgi.shell.telnet.maxconn=1 -Djdbc.drivers=org.apache.derby.jdbc.ClientDriver -Dfelix.fileinstall.dir=/local/mymed/backend/servers/glassfishv3/glassfish/modules/autostart/ -Djavax.net.ssl.keyStore=/local/mymed/backend/servers/glassfishv3/glassfish/domains/domain1/config/keystore.jks -Dosgi.shell.telnet.port=6666 -Djava.security.policy=/local/mymed/backend/servers/glassfishv3/glassfish/domains/domain1/config/server.policy -Dfelix.fileinstall.poll=5000 -Dcom.sun.aas.instanceRoot=/local/mymed/backend/servers/glassfishv3/glassfish/domains/domain1 -Dosgi.shell.telnet.ip=127.0.0.1 -Dcom.sun.enterprise.config.config_environment_factory_class=com.sun.enterprise.config.serverbeans.AppserverConfigEnvironmentFactory -Djava.endorsed.dirs=/local/mymed/backend/servers/glassfishv3/glassfish/modules/endorsed:/local/mymed/backend/servers/glassfishv3/glassfish/lib/endorsed -Dcom.sun.aas.installRoot=/local/mymed/backend/servers/glassfishv3/glassfish -Djava.ext.dirs=/usr/lib/jvm/java-6-openjdk/lib/ext:/usr/lib/jvm/java-6-openjdk/jre/lib/ext:/local/mymed/backend/servers/glassfishv3/glassfish/domains/domain1/lib/ext -Dfelix.fileinstall.bundles.new.start=true -Djavax.net.ssl.trustStore=/local/mymed/backend/servers/glassfishv3/glassfish/domains/domain1/config/cacerts.jks -Dcom.sun.enterprise.security.httpsOutboundKeyAlias=s1as -Djava.security.auth.login.config=/local/mymed/backend/servers/glassfishv3/glassfish/domains/domain1/config/login.conf -DANTLR_USE_DIRECT_CLASS_LOADING=true -Dlogback.configurationFile=/local/mymed/backend/conf/logback.xml -Dfelix.fileinstall.debug=1 -Dorg.glassfish.web.rfc2109_cookie_names_enforced=false -Djava.library.path=/local/mymed/backend/servers/glassfishv3/glassfish/lib:/usr/lib/jvm/java-6-sun-1.6.0.26/jre/lib/i386/server:/usr/lib/jvm/java-6-sun-1.6.0.26/jre/lib/i386:/usr/lib/jvm/java-6-sun-1.6.0.26/lib/i386:/usr/java/packages/lib/i386:/lib:/usr/lib 
</args>
<command>
com.sun.enterprise.glassfish.bootstrap.ASMain -domainname domain1 -asadmin-args start-domain,,,-v -instancename server -verbose true -debug false -asadmin-classpath /local/mymed/backend/servers/glassfishv3/glassfish/modules/admin-cli.jar -asadmin-classname com.sun.enterprise.admin.cli.AsadminMain -upgrade false -domaindir /local/mymed/backend/servers/glassfishv3/glassfish/domains/domain1 -read-stdin true
</command>
<launcher>
SUN_STANDARD
</launcher>
<properties>
java.vm.specification.name=Java Virtual Machine Specification
java.vm.version=20.1-b02
java.vm.name=Java HotSpot(TM) Client VM
java.vm.info=mixed mode, sharing
java.ext.dirs=/usr/lib/jvm/java-6-openjdk/lib/ext:/usr/lib/jvm/java-6-openjdk/jre/lib/ext:/local/mymed/backend/servers/glassfishv3/glassfish/domains/domain1/lib/ext
java.endorsed.dirs=/local/mymed/backend/servers/glassfishv3/glassfish/modules/endorsed:/local/mymed/backend/servers/glassfishv3/glassfish/lib/endorsed
sun.boot.library.path=/usr/lib/jvm/java-6-sun-1.6.0.26/jre/lib/i386
java.library.path=/local/mymed/backend/servers/glassfishv3/glassfish/lib:/usr/lib/jvm/java-6-sun-1.6.0.26/jre/lib/i386/server:/usr/lib/jvm/java-6-sun-1.6.0.26/jre/lib/i386:/usr/lib/jvm/java-6-sun-1.6.0.26/lib/i386:/usr/java/packages/lib/i386:/lib:/usr/lib
java.home=/usr/lib/jvm/java-6-sun-1.6.0.26/jre
java.class.path=/local/mymed/backend/servers/glassfishv3/glassfish/modules/glassfish.jar
sun.boot.class.path=/local/mymed/backend/servers/glassfishv3/glassfish/modules/endorsed/javax.annotation.jar:/local/mymed/backend/servers/glassfishv3/glassfish/modules/endorsed/webservices-api-osgi.jar:/local/mymed/backend/servers/glassfishv3/glassfish/modules/endorsed/jaxb-api-osgi.jar:/usr/lib/jvm/java-6-sun-1.6.0.26/jre/lib/resources.jar:/usr/lib/jvm/java-6-sun-1.6.0.26/jre/lib/rt.jar:/usr/lib/jvm/java-6-sun-1.6.0.26/jre/lib/sunrsasign.jar:/usr/lib/jvm/java-6-sun-1.6.0.26/jre/lib/jsse.jar:/usr/lib/jvm/java-6-sun-1.6.0.26/jre/lib/jce.jar:/usr/lib/jvm/java-6-sun-1.6.0.26/jre/lib/charsets.jar:/usr/lib/jvm/java-6-sun-1.6.0.26/jre/lib/modules/jdk.boot.jar:/usr/lib/jvm/java-6-sun-1.6.0.26/jre/classes
java.vm.specification.vendor=Sun Microsystems Inc.
java.vm.specification.version=1.0
java.vm.vendor=Sun Microsystems Inc.
osgi.shell.telnet.maxconn=1
jdbc.drivers=org.apache.derby.jdbc.ClientDriver
felix.fileinstall.dir=/local/mymed/backend/servers/glassfishv3/glassfish/modules/autostart/
javax.net.ssl.keyStore=/local/mymed/backend/servers/glassfishv3/glassfish/domains/domain1/config/keystore.jks
osgi.shell.telnet.port=6666
java.security.policy=/local/mymed/backend/servers/glassfishv3/glassfish/domains/domain1/config/server.policy
felix.fileinstall.poll=5000
com.sun.aas.instanceRoot=/local/mymed/backend/servers/glassfishv3/glassfish/domains/domain1
osgi.shell.telnet.ip=127.0.0.1
com.sun.enterprise.config.config_environment_factory_class=com.sun.enterprise.config.serverbeans.AppserverConfigEnvironmentFactory
com.sun.aas.installRoot=/local/mymed/backend/servers/glassfishv3/glassfish
felix.fileinstall.bundles.new.start=true
javax.net.ssl.trustStore=/local/mymed/backend/servers/glassfishv3/glassfish/domains/domain1/config/cacerts.jks
com.sun.enterprise.security.httpsOutboundKeyAlias=s1as
java.security.auth.login.config=/local/mymed/backend/servers/glassfishv3/glassfish/domains/domain1/config/login.conf
ANTLR_USE_DIRECT_CLASS_LOADING=true
logback.configurationFile=/local/mymed/backend/conf/logback.xml
felix.fileinstall.debug=1
org.glassfish.web.rfc2109_cookie_names_enforced=false
sun.java.command=com.sun.enterprise.glassfish.bootstrap.ASMain -domainname domain1 -asadmin-args start-domain,,,-v -instancename server -verbose true -debug false -asadmin-classpath /local/mymed/backend/servers/glassfishv3/glassfish/modules/admin-cli.jar -asadmin-classname com.sun.enterprise.admin.cli.AsadminMain -upgrade false -domaindir /local/mymed/backend/servers/glassfishv3/glassfish/domains/domain1 -read-stdin true
sun.java.launcher=SUN_STANDARD
</properties>
</vm_arguments>
<tty>
<writer thread='-2014901392'/>
<dependency_failed type='unique_concrete_method' x='java/util/Properties getProperty (Ljava/lang/String;)Ljava/lang/String;' witness='java/security/Provider' stamp='5.460'/>
<dependency_failed type='unique_concrete_method' x='java/util/Properties getProperty (Ljava/lang/String;)Ljava/lang/String;' witness='java/security/Provider' stamp='5.460'/>
<dependency_failed type='unique_concrete_method' x='java/util/Properties getProperty (Ljava/lang/String;)Ljava/lang/String;' witness='java/security/Provider' stamp='5.460'/>
<dependency_failed type='unique_concrete_method' x='java/util/Properties getProperty (Ljava/lang/String;)Ljava/lang/String;' witness='java/security/Provider' stamp='5.460'/>
<dependency_failed type='unique_concrete_method' x='java/util/Properties getProperty (Ljava/lang/String;)Ljava/lang/String;' witness='java/security/Provider' stamp='5.460'/>
<writer thread='-2009642128'/>
<dependency_failed type='unique_concrete_method' ctxk='java/util/Properties' x='java/util/Hashtable put (Ljava/lang/Object;Ljava/lang/Object;)Ljava/lang/Object;' witness='java/security/Provider' stamp='5.461'/>
<writer thread='-2014901392'/>
<dependency_failed type='unique_concrete_method' ctxk='org/osgi/framework/Filter' x='org/osgi/framework/FrameworkUtil$FilterImpl match (Ljava/util/Dictionary;)Z' witness='org/osgi/framework/Filter' stamp='5.884'/>
<dependency_failed type='leaf_type' ctxk='java/io/ByteArrayOutputStream' witness='com/sun/common/util/logging/LoggingOutputStream' stamp='6.033'/>
<dependency_failed type='leaf_type' ctxk='java/io/ObjectOutputStream' witness='com/sun/enterprise/naming/util/OSGiObjectInputOutputStreamFactoryImpl$OSGiObjectOutputStream' stamp='6.099'/>
<dependency_failed type='leaf_type' ctxk='org/jvnet/hk2/component/MultiMap' witness='org/glassfish/api/admin/ParameterMap' stamp='6.764'/>
<dependency_failed type='leaf_type' ctxk='java/util/ArrayList' witness='com/sun/enterprise/config/serverbeans/Applications$Duck$1' stamp='7.080'/>
<dependency_failed type='leaf_type' ctxk='java/util/ArrayList' witness='com/sun/enterprise/config/serverbeans/Applications$Duck$1' stamp='7.080'/>
<dependency_failed type='no_finalizable_subclasses' ctxk='java/io/FilterInputStream' witness='com/sun/enterprise/loader/ASURLClassLoader$SentinelInputStream' stamp='7.774'/>
<dependency_failed type='unique_concrete_method' x='java/lang/SecurityManager checkPackageAccess (Ljava/lang/String;)V' witness='com/sun/enterprise/security/J2EESecurityManager' stamp='8.126'/>
<dependency_failed type='unique_concrete_method' x='java/lang/SecurityManager checkPropertyAccess (Ljava/lang/String;)V' witness='com/sun/enterprise/security/J2EESecurityManager' stamp='8.126'/>
<dependency_failed type='unique_concrete_method' x='java/lang/SecurityManager checkPropertyAccess (Ljava/lang/String;)V' witness='com/sun/enterprise/security/J2EESecurityManager' stamp='8.126'/>
<dependency_failed type='unique_concrete_method' x='java/util/Vector add (Ljava/lang/Object;)Z' witness='com/sun/enterprise/deployment/OrderedSet' stamp='8.421'/>
<dependency_failed type='unique_concrete_method' x='java/io/ObjectOutputStream replaceObject (Ljava/lang/Object;)Ljava/lang/Object;' witness='com/sun/enterprise/container/common/spi/util/JavaEEObjectOutputStream' stamp='8.560'/>
<dependency_failed type='unique_concrete_method' x='java/lang/ThreadLocal get ()Ljava/lang/Object;' witness='org/glassfish/web/admin/monitor/HttpServiceStatsProvider$1' stamp='8.576'/>
<dependency_failed type='unique_concrete_method' x='java/lang/ThreadLocal get ()Ljava/lang/Object;' witness='org/glassfish/web/admin/monitor/HttpServiceStatsProvider$1' stamp='8.576'/>
<dependency_failed type='unique_concrete_method' x='java/lang/ThreadLocal get ()Ljava/lang/Object;' witness='org/glassfish/web/admin/monitor/HttpServiceStatsProvider$1' stamp='8.576'/>
<dependency_failed type='unique_concrete_method' x='java/lang/ThreadLocal get ()Ljava/lang/Object;' witness='org/glassfish/web/admin/monitor/HttpServiceStatsProvider$1' stamp='8.576'/>
<dependency_failed type='unique_concrete_method' x='java/lang/ThreadLocal get ()Ljava/lang/Object;' witness='org/glassfish/web/admin/monitor/HttpServiceStatsProvider$1' stamp='8.576'/>
<dependency_failed type='unique_concrete_method' x='java/lang/ThreadLocal get ()Ljava/lang/Object;' witness='org/glassfish/web/admin/monitor/HttpServiceStatsProvider$1' stamp='8.576'/>
<dependency_failed type='unique_concrete_method' x='java/lang/ThreadLocal get ()Ljava/lang/Object;' witness='org/glassfish/web/admin/monitor/HttpServiceStatsProvider$1' stamp='8.576'/>
<dependency_failed type='unique_concrete_method' x='java/lang/ThreadLocal get ()Ljava/lang/Object;' witness='org/glassfish/web/admin/monitor/HttpServiceStatsProvider$1' stamp='8.576'/>
<dependency_failed type='leaf_type' ctxk='java/util/logging/Level' witness='com/sun/enterprise/util/logging/IASLevel' stamp='8.633'/>
<dependency_failed type='unique_concrete_method' ctxk='org/apache/felix/moduleloader/IWire' x='org/apache/felix/framework/searchpolicy/R4Wire getCapability ()Lorg/apache/felix/moduleloader/ICapability;' witness='org/apache/felix/moduleloader/IWire' stamp='9.433'/>
<dependency_failed type='unique_concrete_method' ctxk='org/apache/felix/moduleloader/IWire' x='org/apache/felix/framework/searchpolicy/R4Wire hasPackage (Ljava/lang/String;)Z' witness='org/apache/felix/moduleloader/IWire' stamp='9.433'/>
<dependency_failed type='unique_concrete_method' ctxk='org/apache/felix/moduleloader/IWire' x='org/apache/felix/framework/searchpolicy/R4Wire getCapability ()Lorg/apache/felix/moduleloader/ICapability;' witness='org/apache/felix/moduleloader/IWire' stamp='9.433'/>
<dependency_failed type='unique_concrete_method' ctxk='org/apache/felix/moduleloader/IWire' x='org/apache/felix/framework/searchpolicy/R4Wire getCapability ()Lorg/apache/felix/moduleloader/ICapability;' witness='org/apache/felix/moduleloader/IWire' stamp='9.433'/>
<dependency_failed type='unique_concrete_method' ctxk='org/apache/felix/moduleloader/IWire' x='org/apache/felix/framework/searchpolicy/R4Wire getClass (Ljava/lang/String;)Ljava/lang/Class;' witness='org/apache/felix/moduleloader/IWire' stamp='9.433'/>
<dependency_failed type='unique_concrete_method' ctxk='org/apache/felix/moduleloader/IWire' x='org/apache/felix/framework/searchpolicy/R4Wire getRequirement ()Lorg/apache/felix/moduleloader/IRequirement;' witness='org/apache/felix/moduleloader/IWire' stamp='9.433'/>
<dependency_failed type='unique_concrete_method' x='java/util/ArrayList add (Ljava/lang/Object;)Z' witness='javax/management/AttributeList' stamp='9.621'/>
<dependency_failed type='unique_concrete_method' ctxk='org/w3c/dom/Node' x='com/sun/org/apache/xerces/internal/dom/NodeImpl appendChild (Lorg/w3c/dom/Node;)Lorg/w3c/dom/Node;' witness='org/w3c/dom/Node' stamp='10.341'/>
<dependency_failed type='unique_concrete_method' ctxk='org/w3c/dom/NamedNodeMap' x='com/sun/org/apache/xerces/internal/dom/NamedNodeMapImpl getLength ()I' witness='org/w3c/dom/NamedNodeMap' stamp='10.365'/>
<dependency_failed type='leaf_type' ctxk='com/sun/org/apache/xerces/internal/xni/QName' witness='com/sun/org/apache/xerces/internal/impl/dv/xs/QNameDV$XQName' stamp='10.410'/>
<writer thread='-2044339344'/>
<dependency_failed type='unique_concrete_method' x='java/io/FileOutputStream close ()V' witness='java/net/SocketOutputStream' stamp='20.033'/>
<dependency_failed type='leaf_type' ctxk='java/io/FileOutputStream' witness='java/net/SocketOutputStream' stamp='20.033'/>
<writer thread='-2046768272'/>
<dependency_failed type='leaf_type' ctxk='java/io/FileInputStream' witness='java/net/SocketInputStream' stamp='20.035'/>
<writer thread='-2048435344'/>
<dependency_failed type='unique_concrete_method' ctxk='org/objectweb/asm/ClassVisitor' x='org/glassfish/deployment/common/NodeInfo visit (IILjava/lang/String;Ljava/lang/String;Ljava/lang/String;[Ljava/lang/String;)V' witness='org/objectweb/asm/ClassVisitor' stamp='354.991'/>
<writer thread='-2037331088'/>
<dependency_failed type='unique_concrete_method' ctxk='sun/nio/ch/SelChImpl' x='sun/nio/ch/ServerSocketChannelImpl getFDVal ()I' witness='sun/nio/ch/SelChImpl' stamp='521.260'/>
<dependency_failed type='unique_concrete_method' ctxk='sun/nio/ch/SelChImpl' x='sun/nio/ch/ServerSocketChannelImpl translateAndSetReadyOps (ILsun/nio/ch/SelectionKeyImpl;)Z' witness='sun/nio/ch/SelChImpl' stamp='521.260'/>
<writer thread='-2051753104'/>
<dependency_failed type='unique_concrete_method' x='java/io/BufferedReader close ()V' witness='org/apache/catalina/connector/CoyoteReader' stamp='718.102'/>
<dependency_failed type='unique_concrete_method' x='java/io/BufferedReader close ()V' witness='org/apache/catalina/connector/CoyoteReader' stamp='718.102'/>
<dependency_failed type='unique_concrete_method' x='java/util/HashMap remove (Ljava/lang/Object;)Ljava/lang/Object;' witness='org/apache/catalina/util/ParameterMap' stamp='718.112'/>
<dependency_failed type='unique_concrete_method' x='java/util/HashMap put (Ljava/lang/Object;Ljava/lang/Object;)Ljava/lang/Object;' witness='org/apache/catalina/util/ParameterMap' stamp='718.112'/>
<dependency_failed type='unique_concrete_method' x='java/util/HashMap put (Ljava/lang/Object;Ljava/lang/Object;)Ljava/lang/Object;' witness='org/apache/catalina/util/ParameterMap' stamp='718.112'/>
<dependency_failed type='unique_concrete_method' x='java/util/HashMap put (Ljava/lang/Object;Ljava/lang/Object;)Ljava/lang/Object;' witness='org/apache/catalina/util/ParameterMap' stamp='718.112'/>
<dependency_failed type='unique_concrete_method' x='java/util/HashMap put (Ljava/lang/Object;Ljava/lang/Object;)Ljava/lang/Object;' witness='org/apache/catalina/util/ParameterMap' stamp='718.112'/>
<dependency_failed type='unique_concrete_method' x='java/util/HashMap put (Ljava/lang/Object;Ljava/lang/Object;)Ljava/lang/Object;' witness='org/apache/catalina/util/ParameterMap' stamp='718.112'/>
<dependency_failed type='unique_concrete_method' x='java/util/HashMap put (Ljava/lang/Object;Ljava/lang/Object;)Ljava/lang/Object;' witness='org/apache/catalina/util/ParameterMap' stamp='718.112'/>
<dependency_failed type='unique_concrete_method' x='java/util/HashMap put (Ljava/lang/Object;Ljava/lang/Object;)Ljava/lang/Object;' witness='org/apache/catalina/util/ParameterMap' stamp='718.112'/>
<dependency_failed type='unique_concrete_method' x='java/util/HashMap put (Ljava/lang/Object;Ljava/lang/Object;)Ljava/lang/Object;' witness='org/apache/catalina/util/ParameterMap' stamp='718.112'/>
<dependency_failed type='unique_concrete_method' x='java/util/HashMap put (Ljava/lang/Object;Ljava/lang/Object;)Ljava/lang/Object;' witness='org/apache/catalina/util/ParameterMap' stamp='718.112'/>
<dependency_failed type='unique_concrete_method' x='java/util/HashMap remove (Ljava/lang/Object;)Ljava/lang/Object;' witness='org/apache/catalina/util/ParameterMap' stamp='718.112'/>
<dependency_failed type='unique_concrete_method' x='java/util/HashMap put (Ljava/lang/Object;Ljava/lang/Object;)Ljava/lang/Object;' witness='org/apache/catalina/util/ParameterMap' stamp='718.112'/>
<dependency_failed type='unique_concrete_method' x='java/util/HashMap put (Ljava/lang/Object;Ljava/lang/Object;)Ljava/lang/Object;' witness='org/apache/catalina/util/ParameterMap' stamp='718.112'/>
<dependency_failed type='unique_concrete_method' x='java/util/HashMap put (Ljava/lang/Object;Ljava/lang/Object;)Ljava/lang/Object;' witness='org/apache/catalina/util/ParameterMap' stamp='718.112'/>
<dependency_failed type='leaf_type' ctxk='java/util/Date' witness='java/sql/Date' stamp='718.303'/>
<dependency_failed type='leaf_type' ctxk='java/util/Date' witness='java/sql/Date' stamp='718.303'/>
<dependency_failed type='unique_concrete_method' x='java/util/Date getTime ()J' witness='java/sql/Timestamp' stamp='718.406'/>
<dependency_failed type='unique_concrete_method' x='java/util/Date getTime ()J' witness='java/sql/Timestamp' stamp='718.406'/>
<dependency_failed type='unique_concrete_method' ctxk='org/xml/sax/Attributes' x='com/sun/org/apache/xerces/internal/parsers/AbstractSAXParser$AttributesProxy getLength ()I' witness='org/xml/sax/Attributes' stamp='718.752'/>
<dependency_failed type='leaf_type' ctxk='java/util/GregorianCalendar' witness='ch/qos/logback/core/rolling/helper/RollingCalendar' stamp='719.191'/>
<writer thread='-2048435344'/>
<dependency_failed type='leaf_type' ctxk='java/io/File' witness='org/glassfish/deployment/autodeploy/AutoDeployedFilesManager$UndeployRequestedFile' stamp='4714.571'/>
<dependency_failed type='leaf_type' ctxk='java/io/File' witness='org/glassfish/deployment/autodeploy/AutoDeployedFilesManager$UndeployRequestedFile' stamp='4714.571'/>
<dependency_failed type='leaf_type' ctxk='java/io/File' witness='org/glassfish/deployment/autodeploy/AutoDeployedFilesManager$UndeployRequestedFile' stamp='4714.571'/>
<dependency_failed type='leaf_type' ctxk='java/io/File' witness='org/glassfish/deployment/autodeploy/AutoDeployedFilesManager$UndeployRequestedFile' stamp='4714.571'/>
<dependency_failed type='leaf_type' ctxk='java/io/File' witness='org/glassfish/deployment/autodeploy/AutoDeployedFilesManager$UndeployRequestedFile' stamp='4714.571'/>
<dependency_failed type='leaf_type' ctxk='java/io/File' witness='org/glassfish/deployment/autodeploy/AutoDeployedFilesManager$UndeployRequestedFile' stamp='4714.571'/>
<dependency_failed type='leaf_type' ctxk='java/io/File' witness='org/glassfish/deployment/autodeploy/AutoDeployedFilesManager$UndeployRequestedFile' stamp='4714.571'/>
<dependency_failed type='leaf_type' ctxk='java/io/File' witness='org/glassfish/deployment/autodeploy/AutoDeployedFilesManager$UndeployRequestedFile' stamp='4714.571'/>
<dependency_failed type='leaf_type' ctxk='java/io/File' witness='org/glassfish/deployment/autodeploy/AutoDeployedFilesManager$UndeployRequestedFile' stam