[#|2011-09-29T13:46:22.966+0200|INFO|glassfish3.0.1|javax.enterprise.system.std.com.sun.enterprise.v3.services.impl|_ThreadID=21;_ThreadName=Thread-1;|Started bundle: file:/local/mymed/backend/servers/glassfishv3/glassfish/modules/autostart/osgi-web-container.jar|#]

[#|2011-09-29T13:46:22.983+0200|INFO|glassfish3.0.1|javax.enterprise.system.std.com.sun.enterprise.v3.services.impl|_ThreadID=21;_ThreadName=Thread-1;|Started bundle: file:/local/mymed/backend/servers/glassfishv3/glassfish/modules/autostart/org.apache.felix.scr.jar|#]

[#|2011-09-29T13:51:51.682+0200|INFO|glassfish3.0.1|javax.enterprise.system.tools.deployment.org.glassfish.deployment.common|_ThreadID=23;_ThreadName=Thread-1;|[AutoDeploy] Selecting file /local/mymed/backend/servers/glassfishv3/glassfish/domains/domain1/autodeploy/mymed_backend.war for autodeployment.|#]

[#|2011-09-29T13:51:51.753+0200|WARNING|glassfish3.0.1|javax.enterprise.system.tools.deployment.org.glassfish.deployment.common|_ThreadID=23;_ThreadName=Thread-1;|DPL8004: file open failure; file = jar:/local/mymed/backend/servers/glassfishv3/glassfish/domains/domain1/autodeploy/mymed_backend.war|#]

[#|2011-09-29T13:51:51.755+0200|WARNING|glassfish3.0.1|javax.enterprise.system.tools.deployment.org.glassfish.deployment.common|_ThreadID=23;_ThreadName=Thread-1;|error in opening zip file --  invalid zip file: jar:/local/mymed/backend/servers/glassfishv3/glassfish/domains/domain1/autodeploy/mymed_backend.war|#]

[#|2011-09-29T13:51:51.761+0200|WARNING|glassfish3.0.1|javax.enterprise.system.tools.deployment.org.glassfish.deployment.common|_ThreadID=23;_ThreadName=Thread-1;|DPL8004: file open failure; file = jar:/local/mymed/backend/servers/glassfishv3/glassfish/domains/domain1/autodeploy/mymed_backend.war|#]

[#|2011-09-29T13:51:51.762+0200|WARNING|glassfish3.0.1|javax.enterprise.system.tools.deployment.org.glassfish.deployment.common|_ThreadID=23;_ThreadName=Thread-1;|error in opening zip file --  invalid zip file: jar:/local/mymed/backend/servers/glassfishv3/glassfish/domains/domain1/autodeploy/mymed_backend.war|#]

[#|2011-09-29T13:51:51.765+0200|WARNING|glassfish3.0.1|javax.enterprise.system.tools.deployment.org.glassfish.deployment.common|_ThreadID=23;_ThreadName=Thread-1;|DPL8004: file open failure; file = jar:/local/mymed/backend/servers/glassfishv3/glassfish/domains/domain1/autodeploy/mymed_backend.war|#]

[#|2011-09-29T13:51:51.765+0200|WARNING|glassfish3.0.1|javax.enterprise.system.tools.deployment.org.glassfish.deployment.common|_ThreadID=23;_ThreadName=Thread-1;|error in opening zip file --  invalid zip file: jar:/local/mymed/backend/servers/glassfishv3/glassfish/domains/domain1/autodeploy/mymed_backend.war|#]

[#|2011-09-29T13:51:51.850+0200|INFO|glassfish3.0.1|org.hibernate.validator.util.Version|_ThreadID=23;_ThreadName=Thread-1;|Hibernate Validator bean-validator-3.0-JBoss-4.0.2|#]

[#|2011-09-29T13:51:51.861+0200|INFO|glassfish3.0.1|org.hibernate.validator.engine.resolver.DefaultTraversableResolver|_ThreadID=23;_ThreadName=Thread-1;|Instantiated an instance of org.hibernate.validator.engine.resolver.JPATraversableResolver.|#]

[#|2011-09-29T13:51:52.049+0200|WARNING|glassfish3.0.1|javax.enterprise.system.tools.deployment.org.glassfish.deployment.common|_ThreadID=23;_ThreadName=Thread-1;|DPL8004: file open failure; file = jar:/local/mymed/backend/servers/glassfishv3/glassfish/domains/domain1/autodeploy/mymed_backend.war|#]

[#|2011-09-29T13:51:52.050+0200|WARNING|glassfish3.0.1|javax.enterprise.system.tools.deployment.org.glassfish.deployment.common|_ThreadID=23;_ThreadName=Thread-1;|error in opening zip file --  invalid zip file: jar:/local/mymed/backend/servers/glassfishv3/glassfish/domains/domain1/autodeploy/mymed_backend.war|#]

[#|2011-09-29T13:51:52.061+0200|SEVERE|glassfish3.0.1|javax.enterprise.system.core.com.sun.enterprise.v3.server|_ThreadID=23;_ThreadName=Thread-1;|Module type not recognized|#]

[#|2011-09-29T13:51:52.062+0200|SEVERE|glassfish3.0.1|javax.enterprise.system.core.com.sun.enterprise.v3.server|_ThreadID=23;_ThreadName=Thread-1;|There is no installed container capable of handling this application com.sun.enterprise.deploy.shared.FileArchive@1fbea5e|#]

[#|2011-09-29T13:51:52.068+0200|WARNING|glassfish3.0.1|javax.enterprise.system.tools.deployment.org.glassfish.deployment.common|_ThreadID=23;_ThreadName=Thread-1;|[AutoDeploy] Autodeploy failed : /local/mymed/backend/servers/glassfishv3/glassfish/domains/domain1/autodeploy/mymed_backend.war.|#]

[#|2011-09-29T13:51:55.680+0200|INFO|glassfish3.0.1|javax.enterprise.system.tools.deployment.org.glassfish.deployment.common|_ThreadID=23;_ThreadName=Thread-1;|[AutoDeploy] Selecting file /local/mymed/backend/servers/glassfishv3/glassfish/domains/domain1/autodeploy/mymed_backend.war for autodeployment.|#]

[#|2011-09-29T13:52:00.167+0200|INFO|glassfish3.0.1|javax.enterprise.system.container.web.com.sun.enterprise.web|_ThreadID=23;_ThreadName=Thread-1;|Loading application mymed_backend at /mymed_backend|#]

[#|2011-09-29T13:52:00.229+0200|INFO|glassfish3.0.1|javax.enterprise.system.tools.admin.org.glassfish.deployment.admin|_ThreadID=23;_ThreadName=Thread-1;|mymed_backend was successfully deployed in 4,538 milliseconds.|#]

[#|2011-09-29T13:52:00.238+0200|INFO|glassfish3.0.1|javax.enterprise.system.tools.deployment.org.glassfish.deployment.common|_ThreadID=23;_ThreadName=Thread-1;|[AutoDeploy] Successfully autodeployed : /local/mymed/backend/servers/glassfishv3/glassfish/domains/domain1/autodeploy/mymed_backend.war.|#]

[#|2011-09-29T13:57:56.283+0200|INFO|glassfish3.0.1|javax.enterprise.system.std.com.sun.enterprise.v3.services.impl|_ThreadID=24;_ThreadName=Thread-1;|13:57:55,684 |-INFO in ch.qos.logback.classic.LoggerContext[myMed] - Found resource [/local/mymed/backend/conf/logback.xml] at [file:/local/mymed/backend/conf/logback.xml]
13:57:55,933 |-INFO in ch.qos.logback.classic.joran.action.ConfigurationAction - Setting ReconfigureOnChangeFilter scanning period to 5 minutes
13:57:55,933 |-INFO in ch.qos.logback.classic.turbo.ReconfigureOnChangeFilter@183608e - Will scan for changes in [[/local/mymed/backend/conf/logback.xml]] every 300 seconds. 
13:57:55,933 |-INFO in ch.qos.logback.classic.joran.action.ConfigurationAction - Adding ReconfigureOnChangeFilter as a turbo filter
13:57:55,936 |-INFO in ch.qos.logback.classic.joran.action.ContextNameAction - Setting logger context name as [myMed]
13:57:55,942 |-INFO in ch.qos.logback.core.joran.action.AppenderAction - About to instantiate appender of type [ch.qos.logback.core.ConsoleAppender]
13:57:55,957 |-INFO in ch.qos.logback.core.joran.action.AppenderAction - Naming appender as [stdout]
13:57:55,999 |-INFO in ch.qos.logback.core.joran.action.NestedComplexPropertyIA - Assuming default type [ch.qos.logback.classic.encoder.PatternLayoutEncoder] for [encoder] property
13:57:56,157 |-INFO in ch.qos.logback.core.joran.action.AppenderAction - About to instantiate appender of type [ch.qos.logback.core.rolling.RollingFileAppender]
13:57:56,170 |-INFO in ch.qos.logback.core.joran.action.AppenderAction - Naming appender as [info.file]
13:57:56,237 |-INFO in c.q.l.core.rolling.TimeBasedRollingPolicy - Will use gz compression
13:57:56,243 |-INFO in c.q.l.core.rolling.TimeBasedRollingPolicy - Will use the pattern /local/var/log/mymed/mymed-backend-info-%d.log for the active file
13:57:56,264 |-INFO in c.q.l.core.rolling.DefaultTimeBasedFileNamingAndTriggeringPolicy - The date pattern is 'yyyy-MM-dd' from file name pattern '/local/var/log/mymed/mymed-backend-info-%d.log.gz'.
13:57:56,264 |-INFO in c.q.l.core.rolling.DefaultTimeBasedFileNamingAndTriggeringPolicy - Roll-over at midnight.
13:57:56,264 |-INFO in c.q.l.core.rolling.DefaultTimeBasedFileNamingAndTriggeringPolicy - Setting initial period to Thu Sep 29 13:57:56 CEST 2011
13:57:56,267 |-INFO in ch.qos.logback.core.joran.action.NestedComplexPropertyIA - Assuming default type [ch.qos.logback.classic.encoder.PatternLayoutEncoder] for [encoder] property
13:57:56,268 |-INFO in ch.qos.logback.core.rolling.RollingFileAppender[info.file] - Active log file name: /local/var/log/mymed/mymed-backend-info.log
13:57:56,268 |-INFO in ch.qos.logback.core.rolling.RollingFileAppender[info.file] - File property is set to [/local/var/log/mymed/mymed-backend-info.log]
13:57:56,272 |-INFO in ch.qos.logback.core.joran.action.AppenderAction - About to instantiate appender of type [ch.qos.logback.core.FileAppender]
13:57:56,272 |-INFO in ch.qos.logback.core.joran.action.AppenderAction - Naming appender as [debug.file]
13:57:56,272 |-INFO in ch.qos.logback.core.joran.action.NestedComplexPropertyIA - Assuming default type [ch.qos.logback.classic.encoder.PatternLayoutEncoder] for [encoder] property
13:57:56,273 |-INFO in ch.qos.logback.core.FileAppender[debug.file] - File property is set to [/local/var/log/mymed/mymed-backend-debug.log]
13:57:56,273 |-INFO in ch.qos.logback.classic.joran.action.LoggerAction - Setting level of logger [mymed.info.logger] to INFO
13:57:56,273 |-INFO in ch.qos.logback.classic.joran.action.LoggerAction - Setting additivity of logger [mymed.info.logger] to false
13:57:56,273 |-INFO in ch.qos.logback.core.joran.action.AppenderRefAction - Attaching appender named [info.file] to Logger[mymed.info.logger]
13:57:56,277 |-INFO in ch.qos.logback.classic.joran.action.LoggerAction - Setting level of logger [mymed.debug.logger] to DEBUG
13:57:56,277 |-INFO in ch.qos.logback.classic.joran.action.LoggerAction - Setting additivity of logger [mymed.debug.logger] to false
13:57:56,277 |-INFO in ch.qos.logback.core.joran.action.AppenderRefAction - Attaching appender named [debug.file] to Logger[mymed.debug.logger]
13:57:56,277 |-INFO in ch.qos.logback.classic.joran.action.RootLoggerAction - Setting level of ROOT logger to INFO
13:57:56,278 |-INFO in ch.qos.logback.core.joran.action.AppenderRefAction - Attaching appender named [stdout] to Logger[ROOT]
13:57:56,278 |-INFO in ch.qos.logback.classic.joran.action.ConfigurationAction - End of configuration.
|#]

[#|2011-09-29T13:59:33.450+0200|INFO|glassfish3.0.1|javax.enterprise.system.std.com.sun.enterprise.v3.services.impl|_ThreadID=24;_ThreadName=Thread-1;|
            |#]

[#|2011-09-29T13:59:36.922+0200|INFO|glassfish3.0.1|javax.enterprise.system.std.com.sun.enterprise.v3.services.impl|_ThreadID=25;_ThreadName=Thread-1;|
            |#]

[#|2011-09-29T13:59:36.928+0200|INFO|glassfish3.0.1|javax.enterprise.system.std.com.sun.enterprise.v3.services.impl|_ThreadID=25;_ThreadName=Thread-1;|
            |#]

[#|2011-09-29T13:59:37.064+0200|INFO|glassfish3.0.1|javax.enterprise.system.std.com.sun.enterprise.v3.services.impl|_ThreadID=26;_ThreadName=Thread-1;|
            |#]

[#|2011-09-29T13:59:50.105+0200|INFO|glassfish3.0.1|javax.enterprise.system.std.com.sun.enterprise.v3.services.impl|_ThreadID=27;_ThreadName=Thread-1;|
            |#]

[#|2011-09-29T13:59:50.166+0200|INFO|glassfish3.0.1|javax.enterprise.system.std.com.sun.enterprise.v3.services.impl|_ThreadID=28;_ThreadName=Thread-1;|
            |#]

[#|2011-09-29T14:17:08.656+0200|INFO|glassfish3.0.1|javax.enterprise.system.tools.deployment.org.glassfish.deployment.common|_ThreadID=25;_ThreadName=Thread-3;|[AutoDeploy] Selecting file /local/mymed/backend/servers/glassfishv3/glassfish/domains/domain1/autodeploy/mymed_backend.war for autodeployment.|#]

[#|2011-09-29T14:17:08.892+0200|WARNING|glassfish3.0.1|javax.enterprise.system.tools.deployment.org.glassfish.deployment.common|_ThreadID=25;_ThreadName=Thread-3;|DPL8004: file open failure; file = jar:/local/mymed/backend/servers/glassfishv3/glassfish/domains/domain1/autodeploy/mymed_backend.war|#]

[#|2011-09-29T14:17:08.892+0200|WARNING|glassfish3.0.1|javax.enterprise.system.tools.deployment.org.glassfish.deployment.common|_ThreadID=25;_ThreadName=Thread-3;|error in opening zip file --  invalid zip file: jar:/local/mymed/backend/servers/glassfishv3/glassfish/domains/domain1/autodeploy/mymed_backend.war|#]

[#|2011-09-29T14:17:08.894+0200|WARNING|glassfish3.0.1|javax.enterprise.system.tools.deployment.org.glassfish.deployment.common|_ThreadID=25;_ThreadName=Thread-3;|DPL8004: file open failure; file = jar:/local/mymed/backend/servers/glassfishv3/glassfish/domains/domain1/autodeploy/mymed_backend.war|#]

[#|2011-09-29T14:17:08.894+0200|WARNING|glassfish3.0.1|javax.enterprise.system.tools.deployment.org.glassfish.deployment.common|_ThreadID=25;_ThreadName=Thread-3;|error in opening zip file --  invalid zip file: jar:/local/mymed/backend/servers/glassfishv3/glassfish/domains/domain1/autodeploy/mymed_backend.war|#]

[#|2011-09-29T14:17:08.896+0200|WARNING|glassfish3.0.1|javax.enterprise.system.tools.deployment.org.glassfish.deployment.common|_ThreadID=25;_ThreadName=Thread-3;|DPL8004: file open failure; file = jar:/local/mymed/backend/servers/glassfishv3/glassfish/domains/domain1/autodeploy/mymed_backend.war|#]

[#|2011-09-29T14:17:08.896+0200|WARNING|glassfish3.0.1|javax.enterprise.system.tools.deployment.org.glassfish.deployment.common|_ThreadID=25;_ThreadName=Thread-3;|error in opening zip file --  invalid zip file: jar:/local/mymed/backend/servers/glassfishv3/glassfish/domains/domain1/autodeploy/mymed_backend.war|#]

[#|2011-09-29T14:17:09.944+0200|WARNING|glassfish3.0.1|javax.enterprise.system.tools.deployment.org.glassfish.deployment.common|_ThreadID=25;_ThreadName=Thread-3;|DPL8004: file open failure; file = jar:/local/mymed/backend/servers/glassfishv3/glassfish/domains/domain1/autodeploy/mymed_backend.war|#]

[#|2011-09-29T14:17:09.944+0200|WARNING|glassfish3.0.1|javax.enterprise.system.tools.deployment.org.glassfish.deployment.common|_ThreadID=25;_ThreadName=Thread-3;|error in opening zip file --  invalid zip file: jar:/local/mymed/backend/servers/glassfishv3/glassfish/domains/domain1/autodeploy/mymed_backend.war|#]

[#|2011-09-29T14:17:09.949+0200|SEVERE|glassfish3.0.1|javax.enterprise.system.core.com.sun.enterprise.v3.server|_ThreadID=25;_ThreadName=Thread-3;|Module type not recognized|#]

[#|2011-09-29T14:17:09.950+0200|SEVERE|glassfish3.0.1|javax.enterprise.system.core.com.sun.enterprise.v3.server|_ThreadID=25;_ThreadName=Thread-3;|Il n’y a aucun récipient capable de gérer cette application com.sun.enterprise.deploy.shared.FileArchive@5b85ec5d|#]

[#|2011-09-29T14:17:09.953+0200|WARNING|glassfish3.0.1|javax.enterprise.system.tools.deployment.org.glassfish.deployment.common|_ThreadID=25;_ThreadName=Thread-3;|[AutoDeploy] Autodeploy failed : /local/mymed/backend/servers/glassfishv3/glassfish/domains/domain1/autodeploy/mymed_backend.war.|#]

[#|2011-09-29T14:17:14.389+0200|INFO|glassfish3.0.1|javax.enterprise.system.tools.deployment.org.glassfish.deployment.common|_ThreadID=25;_ThreadName=Thread-3;|[AutoDeploy] Selecting file /local/mymed/backend/servers/glassfishv3/glassfish/domains/domain1/autodeploy/mymed_backend.war for autodeployment.|#]

[#|2011-09-29T14:17:18.872+0200|INFO|glassfish3.0.1|javax.enterprise.system.container.web.com.sun.enterprise.web|_ThreadID=25;_ThreadName=AutoDeployer;|Loading application mymed_backend at /mymed_backend|#]

[#|2011-09-29T14:17:18.872+0200|INFO|glassfish3.0.1|javax.enterprise.system.container.web.com.sun.enterprise.web|_ThreadID=25;_ThreadName=AutoDeployer;|Loading application mymed_backend at /mymed_backend|#]

[#|2011-09-29T14:17:18.872+0200|INFO|glassfish3.0.1|javax.enterprise.system.container.web.com.sun.enterprise.web|_ThreadID=25;_ThreadName=Thread-3;|Loading application mymed_backend at /mymed_backend|#]

[#|2011-09-29T14:17:18.962+0200|INFO|glassfish3.0.1|javax.enterprise.system.tools.admin.org.glassfish.deployment.admin|_ThreadID=25;_ThreadName=Thread-3;|mymed_backend was successfully deployed in 4 568 milliseconds.|#]

[#|2011-09-29T14:17:18.964+0200|INFO|glassfish3.0.1|javax.enterprise.system.tools.deployment.org.glassfish.deployment.common|_ThreadID=25;_ThreadName=Thread-3;|[AutoDeploy] Successfully autodeployed : /local/mymed/backend/servers/glassfishv3/glassfish/domains/domain1/autodeploy/mymed_backend.war.|#]

[#|2011-09-29T14:19:57.620+0200|INFO|glassfish3.0.1|javax.enterprise.system.std.com.sun.enterprise.v3.services.impl|_ThreadID=23;_ThreadName=Thread-3;|14:19:57,332 |-INFO in ch.qos.logback.classic.LoggerContext[myMed] - Found resource [/local/mymed/backend/conf/logback.xml] at [file:/local/mymed/backend/conf/logback.xml]
14:19:57,464 |-INFO in ch.qos.logback.classic.joran.action.ConfigurationAction - Setting ReconfigureOnChangeFilter scanning period to 5 minutes
14:19:57,464 |-INFO in ch.qos.logback.classic.turbo.ReconfigureOnChangeFilter@1cd810d1 - Will scan for changes in [[/local/mymed/backend/conf/logback.xml]] every 300 seconds. 
14:19:57,464 |-INFO in ch.qos.logback.classic.joran.action.ConfigurationAction - Adding ReconfigureOnChangeFilter as a turbo filter
14:19:57,465 |-INFO in ch.qos.logback.classic.joran.action.ContextNameAction - Setting logger context name as [myMed]
14:19:57,468 |-INFO in ch.qos.logback.core.joran.action.AppenderAction - About to instantiate appender of type [ch.qos.logback.core.ConsoleAppender]
14:19:57,475 |-INFO in ch.qos.logback.core.joran.action.AppenderAction - Naming appender as [stdout]
14:19:57,502 |-INFO in ch.qos.logback.core.joran.action.NestedComplexPropertyIA - Assuming default type [ch.qos.logback.classic.encoder.PatternLayoutEncoder] for [encoder] property
14:19:57,567 |-INFO in ch.qos.logback.core.joran.action.AppenderAction - About to instantiate appender of type [ch.qos.logback.core.rolling.RollingFileAppender]
14:19:57,572 |-INFO in ch.qos.logback.core.joran.action.AppenderAction - Naming appender as [info.file]
14:19:57,600 |-INFO in c.q.l.core.rolling.TimeBasedRollingPolicy - Will use gz compression
14:19:57,603 |-INFO in c.q.l.core.rolling.TimeBasedRollingPolicy - Will use the pattern /local/var/log/mymed/mymed-backend-info-%d.log for the active file
14:19:57,612 |-INFO in c.q.l.core.rolling.DefaultTimeBasedFileNamingAndTriggeringPolicy - The date pattern is 'yyyy-MM-dd' from file name pattern '/local/var/log/mymed/mymed-backend-info-%d.log.gz'.
14:19:57,612 |-INFO in c.q.l.core.rolling.DefaultTimeBasedFileNamingAndTriggeringPolicy - Roll-over at midnight.
14:19:57,612 |-INFO in c.q.l.core.rolling.DefaultTimeBasedFileNamingAndTriggeringPolicy - Setting initial period to Thu Sep 29 12:02:06 CEST 2011
14:19:57,613 |-INFO in ch.qos.logback.core.joran.action.NestedComplexPropertyIA - Assuming default type [ch.qos.logback.classic.encoder.PatternLayoutEncoder] for [encoder] property
14:19:57,614 |-INFO in ch.qos.logback.core.rolling.RollingFileAppender[info.file] - Active log file name: /local/var/log/mymed/mymed-backend-info.log
14:19:57,614 |-INFO in ch.qos.logback.core.rolling.RollingFileAppender[info.file] - File property is set to [/local/var/log/mymed/mymed-backend-info.log]
14:19:57,615 |-INFO in ch.qos.logback.core.joran.action.AppenderAction - About to instantiate appender of type [ch.qos.logback.core.FileAppender]
14:19:57,615 |-INFO in ch.qos.logback.core.joran.action.AppenderAction - Naming appender as [debug.file]
14:19:57,616 |-INFO in ch.qos.logback.core.joran.action.NestedComplexPropertyIA - Assuming default type [ch.qos.logback.classic.encoder.PatternLayoutEncoder] for [encoder] property
14:19:57,616 |-INFO in ch.qos.logback.core.FileAppender[debug.file] - File property is set to [/local/var/log/mymed/mymed-backend-debug.log]
14:19:57,616 |-INFO in ch.qos.logback.classic.joran.action.LoggerAction - Setting level of logger [mymed.info.logger] to INFO
14:19:57,616 |-INFO in ch.qos.logback.classic.joran.action.LoggerAction - Setting additivity of logger [mymed.info.logger] to false
14:19:57,616 |-INFO in ch.qos.logback.core.joran.action.AppenderRefAction - Attaching appender named [info.file] to Logger[mymed.info.logger]
14:19:57,618 |-INFO in ch.qos.logback.classic.joran.action.LoggerAction - Setting level of logger [mymed.debug.logger] to DEBUG
14:19:57,618 |-INFO in ch.qos.logback.classic.joran.action.LoggerAction - Setting additivity of logger [mymed.debug.logger] to false
14:19:57,618 |-INFO in ch.qos.logback.core.joran.action.AppenderRefAction - Attaching appender named [debug.file] to Logger[mymed.debug.logger]
14:19:57,618 |-INFO in ch.qos.logback.classic.joran.action.RootLoggerAction - Setting level of ROOT logger to INFO
14:19:57,618 |-INFO in ch.qos.logback.core.joran.action.AppenderRefAction - Attaching appender named [stdout] to Logger[ROOT]
14:19:57,618 |-INFO in ch.qos.logback.classic.joran.action.ConfigurationAction - End of configuration.
|#]

[#|2011-09-29T14:20:24.454+0200|INFO|glassfish3.0.1|javax.enterprise.system.std.com.sun.enterprise.v3.services.impl|_ThreadID=23;_ThreadName=Thread-3;|
            |#]

[#|2011-09-29T14:20:24.523+0200|INFO|glassfish3.0.1|javax.enterprise.system.std.com.sun.enterprise.v3.services.impl|_ThreadID=33;_ThreadName=Thread-3;|
            |#]

[#|2011-09-29T14:33:57.384+0200|INFO|glassfish3.0.1|javax.enterprise.system.std.com.sun.enterprise.v3.services.impl|_ThreadID=23;_ThreadName=Thread-3;|
            |#]

[#|2011-09-29T14:34:01.075+0200|INFO|glassfish3.0.1|javax.enterprise.system.std.com.sun.enterprise.v3.services.impl|_ThreadID=23;_ThreadName=Thread-3;|
            |#]

[#|2011-09-29T14:34:01.101+0200|INFO|glassfish3.0.1|javax.enterprise.system.std.com.sun.enterprise.v3.services.impl|_ThreadID=34;_ThreadName=Thread-3;|
            |#]

[#|2011-09-29T14:34:10.400+0200|INFO|glassfish3.0.1|javax.enterprise.system.std.com.sun.enterprise.v3.services.impl|_ThreadID=23;_ThreadName=Thread-3;|
            |#]

[#|2011-09-29T14:34:10.423+0200|INFO|glassfish3.0.1|javax.enterprise.system.std.com.sun.enterprise.v3.services.impl|_ThreadID=35;_ThreadName=Thread-3;|
            |#]

[#|2011-09-29T14:34:24.776+0200|INFO|glassfish3.0.1|javax.enterprise.system.std.com.sun.enterprise.v3.services.impl|_ThreadID=23;_ThreadName=Thread-3;|
            |#]

[#|2011-09-29T14:34:24.801+0200|INFO|glassfish3.0.1|javax.enterprise.system.std.com.sun.enterprise.v3.services.impl|_ThreadID=36;_ThreadName=Thread-3;|
            |#]

[#|2011-09-29T14:44:49.181+0200|INFO|glassfish3.0.1|javax.enterprise.system.tools.deployment.org.glassfish.deployment.common|_ThreadID=25;_ThreadName=Thread-3;|[AutoDeploy] Selecting file /local/mymed/backend/servers/glassfishv3/glassfish/domains/domain1/autodeploy/mymed_backend.war for autodeployment.|#]

[#|2011-09-29T14:44:49.193+0200|WARNING|glassfish3.0.1|javax.enterprise.system.tools.deployment.org.glassfish.deployment.common|_ThreadID=25;_ThreadName=Thread-3;|DPL8004: file open failure; file = jar:/local/mymed/backend/servers/glassfishv3/glassfish/domains/domain1/autodeploy/mymed_backend.war|#]

[#|2011-09-29T14:44:49.193+0200|WARNING|glassfish3.0.1|javax.enterprise.system.tools.deployment.org.glassfish.deployment.common|_ThreadID=25;_ThreadName=Thread-3;|error in opening zip file --  invalid zip file: jar:/local/mymed/backend/servers/glassfishv3/glassfish/domains/domain1/autodeploy/mymed_backend.war|#]

[#|2011-09-29T14:44:49.194+0200|WARNING|glassfish3.0.1|javax.enterprise.system.tools.deployment.org.glassfish.deployment.common|_ThreadID=25;_ThreadName=Thread-3;|DPL8004: file open failure; file = jar:/local/mymed/backend/servers/glassfishv3/glassfish/domains/domain1/autodeploy/mymed_backend.war|#]

[#|2011-09-29T14:44:49.194+0200|WARNING|glassfish3.0.1|javax.enterprise.system.tools.deployment.org.glassfish.deployment.common|_ThreadID=25;_ThreadName=Thread-3;|error in opening zip file --  invalid zip file: jar:/local/mymed/backend/servers/glassfishv3/glassfish/domains/domain1/autodeploy/mymed_backend.war|#]

[#|2011-09-29T14:44:49.194+0200|WARNING|glassfish3.0.1|javax.enterprise.system.tools.deployment.org.glassfish.deployment.common|_ThreadID=25;_ThreadName=Thread-3;|DPL8004: file open failure; file = jar:/local/mymed/backend/servers/glassfishv3/glassfish/domains/domain1/autodeploy/mymed_backend.war|#]

[#|2011-09-29T14:44:49.194+0200|WARNING|glassfish3.0.1|javax.enterprise.system.tools.deployment.org.glassfish.deployment.common|_ThreadID=25;_ThreadName=Thread-3;|error in opening zip file --  invalid zip file: jar:/local/mymed/backend/servers/glassfishv3/glassfish/domains/domain1/autodeploy/mymed_backend.war|#]

[#|2011-09-29T14:44:49.565+0200|WARNING|glassfish3.0.1|javax.enterprise.system.tools.deployment.org.glassfish.deployment.common|_ThreadID=25;_ThreadName=Thread-3;|DPL8004: file open failure; file = jar:/local/mymed/backend/servers/glassfishv3/glassfish/domains/domain1/autodeploy/mymed_backend.war|#]

[#|2011-09-29T14:44:49.565+0200|WARNING|glassfish3.0.1|javax.enterprise.system.tools.deployment.org.glassfish.deployment.common|_ThreadID=25;_ThreadName=Thread-3;|error in opening zip file --  invalid zip file: jar:/local/mymed/backend/servers/glassfishv3/glassfish/domains/domain1/autodeploy/mymed_backend.war|#]

[#|2011-09-29T14:44:49.567+0200|SEVERE|glassfish3.0.1|javax.enterprise.system.core.com.sun.enterprise.v3.server|_ThreadID=25;_ThreadName=Thread-3;|Module type not recognized|#]

[#|2011-09-29T14:44:49.567+0200|SEVERE|glassfish3.0.1|javax.enterprise.system.core.com.sun.enterprise.v3.server|_ThreadID=25;_ThreadName=Thread-3;|Il n’y a aucun récipient capable de gérer cette application com.sun.enterprise.deploy.shared.FileArchive@3a8de88a|#]

[#|2011-09-29T14:44:49.570+0200|WARNING|glassfish3.0.1|javax.enterprise.system.tools.deployment.org.glassfish.deployment.common|_ThreadID=25;_ThreadName=Thread-3;|[AutoDeploy] Autodeploy failed : /local/mymed/backend/servers/glassfishv3/glassfish/domains/domain1/autodeploy/mymed_backend.war.|#]

[#|2011-09-29T14:44:55.182+0200|INFO|glassfish3.0.1|javax.enterprise.system.tools.deployment.org.glassfish.deployment.common|_ThreadID=25;_ThreadName=Thread-3;|[AutoDeploy] Selecting file /local/mymed/backend/servers/glassfishv3/glassfish/domains/domain1/autodeploy/mymed_backend.war for autodeployment.|#]

[#|2011-09-29T14:44:57.894+0200|INFO|glassfish3.0.1|javax.enterprise.system.container.web.com.sun.enterprise.web|_ThreadID=25;_ThreadName=AutoDeployer;|Loading application mymed_backend at /mymed_backend|#]

[#|2011-09-29T14:44:57.894+0200|INFO|glassfish3.0.1|javax.enterprise.system.container.web.com.sun.enterprise.web|_ThreadID=25;_ThreadName=AutoDeployer;|Loading application mymed_backend at /mymed_backend|#]

[#|2011-09-29T14:44:57.894+0200|INFO|glassfish3.0.1|javax.enterprise.system.container.web.com.sun.enterprise.web|_ThreadID=25;_ThreadName=Thread-3;|Loading application mymed_backend at /mymed_backend|#]

[#|2011-09-29T14:44:57.924+0200|INFO|glassfish3.0.1|javax.enterprise.system.tools.admin.org.glassfish.deployment.admin|_ThreadID=25;_ThreadName=Thread-3;|mymed_backend was successfully deployed in 2 735 milliseconds.|#]

[#|2011-09-29T14:44:57.926+0200|INFO|glassfish3.0.1|javax.enterprise.system.tools.deployment.org.glassfish.deployment.common|_ThreadID=25;_ThreadName=Thread-3;|[AutoDeploy] Successfully autodeployed : /local/mymed/backend/servers/glassfishv3/glassfish/domains/domain1/autodeploy/mymed_backend.war.|#]

